[    0.000000] Initializing cgroup subsys cpuset
[    0.000000] Initializing cgroup subsys cpu
[    0.000000] Initializing cgroup subsys cpuacct
[    0.000000] Linux version 4.4.0-184-generic (buildd@lgw01-amd64-060) (gcc version 5.4.0 20160609 (Ubuntu 5.4.0-6ubuntu1~16.04.12) ) #214-Ubuntu SMP Thu Jun 4 10:14:11 UTC 2020 (Ubuntu 4.4.0-184.214-generic 4.4.223)
[    0.000000] Command line: BOOT_IMAGE=/boot/vmlinuz-4.4.0-184-generic root=LABEL=cloudimg-rootfs ro console=tty1 console=ttyS0
[    0.000000] KRNEL supported cpuss:
[   0.000000]   Intel GenuineIntel
[    0.000000]   AMD AuthenticAMD
[   0.000000]   Centaur CentaurHauls
[    0.000000] x86/fpu: xstate_offset[2]:  576, xstate_sizes[2]:  256
[    0.000000] x86/fpu: Supporting XSAVE feature 0x01: 'x87 floating point registers'
[    0.000000] x86/fpu: Supporting XSAVE feature 0x02: 'SSE registers'
[    0.000000] x86/fpu: Supporting XSAVE feature 0x04: 'AVX registers'
[    0.000000] x86/fpu: Enabled xstate features 0x7, context size is 832 bytes, using 'standard' format.
[    0.000000] e820: BIOS-provided physical RAM map:
[    0.000000] BIOS-e820: [mem 0x0000000000000000-0x000000000009fbff] usable
[    0.000000] BIOS-e820: [mem 0x000000000009fc00-0x000000000009ffff] reserved
[    0.000000] BIOS-e820: [mem 0x00000000000f0000-0x00000000000fffff] reserved
[    0.000000] BIOS-e820: [mem 0x0000000000100000-0x000000003ffeffff] usable
[    0.000000] BIOS-e820: [mem 0x000000003fff0000-0x000000003fffffff] ACPI data
[    0.000000] BIOS-e820: [mem 0x00000000fec00000-0x00000000fec00fff] reserved
[    0.000000] BIOS-e820: [mem 0x00000000fee00000-0x00000000fee00fff] reserved
[    0.000000] BIOS-e820: [mem 0x00000000fffc0000-0x00000000ffffffff] reserved
[    0.000000] NX (Execute Disable) protection: active
[    0.000000] SMBIOS 2.5 present.
[    0.000000] Hypervisor detected: KVM
[    0.000000] e820: last_pfn = 0x3fff0 max_arch_pfn = 0x400000000
[    0.000000] MTRR: Disabled
[    0.000000] x86/PAT: MTRRs disabled, skipping PAT initialization too.
[    0.000000] CPU MTRRs all blank - virtualized system.
[    0.000000] x86/PAT: Configuration [0-7]: WB  WT  UC- UC  WB  WT  UC- UC  
[    0.000000] found SMP MP-table at [mem 0x0009fff0-0x0009ffff] mapped at [ffff88000009fff0]
[    0.000000] Scanning 1 areas for low memory corruption
[    0.000000] RAMDISK: [mem 0x362de000-0x37166fff]
[    0.000000] ACPI: Early table checksum verification disabled
[    0.000000] ACPI: RSDP 0x00000000000E0000 000024 (v02 VBOX  )
[    0.000000] ACPI: XSDT 0x000000003FFF0030 00003C (v01 VBOX   VBOXXSDT 00000001 ASL  00000061)
[    0.000000] ACPI: FACP 0x000000003FFF00F0 0000F4 (v04 VBOX   VBOXFACP 00000001 ASL  00000061)
[    0.000000] ACPI: DSDT 0x000000003FFF0470 0021FF (v02 VBOX   VBOXBIOS 00000002 INTL 20100528)
[    0.000000] ACPI: FACS 0x000000003FFF0200 000040
[    0.000000] ACPI: FACS 0x000000003FFF0200 000040
[    0.000000] ACPI: APIC 0x000000003FFF0240 00005C (v02 VBOX   VBOXAPIC 00000001 ASL  00000061)
[    0.000000] ACPI: SSDT 0x000000003FFF02A0 0001CC (v01 VBOX   VBOXCPUT 00000002 INTL 20100528)
[    0.000000] No NUMA configuration found
[    0.000000] Faking a node at [mem 0x0000000000000000-0x000000003ffeffff]
[    0.000000] NODE_DATA(0) allocated [mem 0x3ffeb000-0x3ffeffff]
[    0.000000] kvm-clock: Using msrs 4b564d01 and 4b564d00
[    0.000000] kvm-clock: cpu 0, msr 0:3ffe3001, primary cpu clock
[    0.000000] kvm-clock: using sched offset of 6080775534 cycles
[    0.000000] clocksource: kvm-clock: mask: 0xffffffffffffffff max_cycles: 0x1cd42e4dffb, max_idle_ns: 881590591483 ns
[    0.000000] Zone ranges:
[    0.000000]   DMA      [mem 0x0000000000001000-0x0000000000ffffff]
[    0.000000]   DMA32    [mem 0x0000000001000000-0x000000003ffeffff]
[    0.000000]   Normal   empty
[    0.000000]   Device   empty
[    0.000000] Movable zone start for each node
[    0.000000] Early memory node ranges
[    0.000000]   node   0: [mem 0x0000000000001000-0x000000000009efff]
[    0.000000]   node   0: [mem 0x0000000000100000-0x000000003ffeffff]
[    0.000000] Initmem setup node 0 [mem 0x0000000000001000-0x000000003ffeffff]
[    0.000000] ACPI: PM-Timer IO Port: 0x4008
[    0.000000] IOAPIC[0]: apic_id 2, version 32, address 0xfec00000, GSI 0-23
[    0.000000] ACPI: INT_SRC_OVR (bus 0 bus_irq 0 global_irq 2 dfl dfl)
[    0.000000] ACPI: INT_SRC_OVR (bus 0 bus_irq 9 global_irq 9 low level)
[    0.000000] Using ACPI (MADT) for SMP configuration information
[    0.000000] smpboot: Allowing 2 CPUs, 0 hotplug CPUs
[    0.000000] PM: Registered nosave memory: [mem 0x00000000-0x00000fff]
[    0.000000] PM: Registered nosave memory: [mem 0x0009f000-0x0009ffff]
[    0.000000] PM: Registered nosave memory: [mem 0x000a0000-0x000effff]
[    0.000000] PM: Registered nosave memory: [mem 0x000f0000-0x000fffff]
[    0.000000] e820: [mem 0x40000000-0xfebfffff] available for PCI devices
[    0.000000] Booting paravirtualized kernel on KVM
[    0.000000] clocksource: refined-jiffies: mask: 0xffffffff max_cycles: 0xffffffff, max_idle_ns: 7645519600211568 ns
[    0.000000] setup_percpu: NR_CPUS:512 nr_cpumask_bits:512 nr_cpu_ids:2 nr_node_ids:1
[    0.000000] PERCPU: Embedded 33 pages/cpu @ffff88003fc00000 s95448 r8192 d31528 u104857
[    0.000000] Built 1 zonelists in Node order, mobility grouping on.  Total pages: 257912
[   0.000000] Policy zone: DMA32
[    0.000000] Kernel command line: BOOT_IMAGE=/boot/vmlinuz-4.4.0-184--generic root=LABEL=cloudimg-rootfs ro console=tty1 console=ttyS0
[    0.000000] PID hash table entries: 4096 (order: 3, 32768 bytes)
[    0.000000] Memory: 997664K/1048120K available (8632K kernel code, 1336K rwdata, 4036K rodata, 1492K init, 1292K bss, 50456K reserved, 0K cma-reserved)
[    0.000000] SLUB: HWalign=64, Order=0-3, MinObjects=0, CPUs=2, Nodes=1
[    0.000000] Kernel/User page tables isolation: enabled
[    0.000000] Hierarchical RCU implementation.
[    0.000000] 	Build-time adjustment of leaf fanout to 64.
[    0.000000] 	RCU restricting CPUs from NR_CPUS=512 to nr_cpu_ids=2.
[    0.000000] RCU: Adjusting geometry for rcu_fanout_leaf=64, nr_cpu_ids=2
[    0.000000] NR_IRQS:33024 nr_irqs:440 16
[    0.000000] Console: colour VGA+ 80x25
[    0.000000] console [tty1] enabled
[    0.000000] console [ttyS0] enabled
[    0.000000] tsc: Detected 1895.611 MHz processor
[    1.308211] Calibrating delay loop (skipped) preset value.. 3791.22 BogoMIPS (lpj=7582444)
[    1.316115] pid_max: default: 32768 minimum: 301
[    1.320064] ACPI: Core revision 20150930
[    1.330633] ACPI: 2 ACPI AML tables successfully acquired and loaded
[    1.336479] Security Framework initialized
[    1.340275] Yama: becoming mindful.
[    1.346404] AppArmor: AppArmor initialized
[    1.350673] Dentry cache hash table entries: 131072 (order: 8, 1048576 bytes)
[    1.362641] Inode-cache hash table entries: 65536 (order: 7, 524288 bytes)
[    1.367319] Mount-cache hash table entries: 2048 (order: 2, 16384 bytes)
[    1.371344] Mountpoint-cache hash table entries: 2048 (order: 2, 16384 bytes)
[    1.376202] Initializing cgroup subsys io
[    1.379413] Initializing cgroup subsys memory
[    1.382758] Initializing cgroup subsys devices
[    1.385831] Initializing cgroup subsys freezer
[    1.388838] Initializing cgroup subsys net_cls
[    1.391910] Initializing cgroup subsys perf_event
[    1.395105] Initializing cgroup subsys net_prio
[    1.399459] Initializing cgroup subsys hugetlb
[    1.402456] Initializing cgroup subsys pids
[    1.409459] mce: CPU supports 0 MCE banks
[    1.412955] Last level iTLB entries: 4KB 1024, 2MB 1024, 4MB 1024
[    1.416889] Last level dTLB entries: 4KB 1024, 2MB 1024, 4MB 1024, 1GB 4
[    1.424021] Spectre V1 : Mitigation: usercopy/swapgs barriers and __user pointer sanitization
[    1.432485] Spectre V2 : Mitigation: Full generic retpoline
[    1.441110] Spectre V2 : Spectre v2 / SpectreRSB mitigation: Filling RSB on context switch
[    1.449190] Speculative Store Bypass: Vulnerable
[    1.457450] SRBDS: Unknown: Dependent on hypervisor status
[    1.462858] MDS: Vulnerable: Clear CPU buffers attempted, no microcode
[    1.477102] Freeing SMP alternatives memory: 36K
[    1.499256] ftrace: allocating 32319 entries in 127 pages
[    1.681107] smpboot: APIC(0) Converting physical 0 to logical package 0
[    1.685751] smpboot: Max logical packages: 1
[    1.690722] x2apic enabled
[    1.694925] Switched APIC routing to physical x2apic.
[    1.704565] ..TIMER: vector=0x30 apic1=0 pin1=2 apic2=-1 pin2=-1
[    1.817934] smpboot: CPU0: Intel(R) Core(TM) i3-4030U CPU @ 1.90GHz (family: 0x6, model: 0x45, stepping: 0x1)
[    1.828262] Performance Events: unsupported p6 CPU model 69 no PMU driver, software events only.
[    1.862748] KVM setup paravirtual spinlock
[    1.867222] x86: Booting SMP configuration:
[    1.870091] .... node  #0, CPUs:      #1
[    1.872881] kvm-clock: cpu 1, msr 0:3ffe3041, secondary cpu clock
[    1.896103] mce: CPU supports 0 MCE banks
[    1.900221] x86: Booted up 1 node, 2 CPUs
[    1.910196] smpboot: Total of 2 processors activated (7582.44 BogoMIPS)
[    1.922089] devtmpfs: initialized
[    1.946032] evm: security.selinux
[    1.948691] evm: security.SMACK64
[    1.957052] evm: security.SMACK64EXEC
[    1.962012] evm: security.SMACK64TRANSMUTE
[    1.964861] evm: security.SMACK64MMAP
[    1.967570] evm: security.ima
[    1.969917] evm: security.capability
[    1.979022] clocksource: jiffies: mask: 0xffffffff max_cycles: 0xffffffff, max_idle_ns: 7645041785100000 ns
[    1.994113] futex hash table entries: 512 (order: 3, 32768 bytes)
[    2.000407] pinctrl core: initialized pinctrl subsystem
[    2.007124] RTC time:  7:26:07, date: 07/02/20
[    2.013006] NET: Registered protocol family 16
[    2.030238] cpuidle: using governor ladder
[    2.045853] cpuidle: using governor menu
[    2.049520] PCCT header not found.
[    2.053165] ACPI: bus type PCI registered
[    2.056733] acpiphp: ACPI Hot Plug PCI Controller Driver version: 0.5
[    2.062519] PCI: Using configuration type 1 for base access
[    2.091801] ACPI: Added _OSI(Module Device)
[    2.095863] ACPI: Added _OSI(Processor Device)
[    2.099903] ACPI: Added _OSI(3.0 _SCP Extensions)
[    2.103947] ACPI: Added _OSI(Processor Aggregator Device)
[    2.112536] ACPI: Executed 1 blocks of module-level executable AML code
[    2.130484] ACPI: Interpreter enabled
[    2.134211] ACPI: (supports S0 S5)
[    2.137546] ACPI: Using IOAPIC for interrupt routing
[    2.143102] PCI: Using host bridge windows from ACPI; if necessary, use "pci=nocrs" and report a bug
[    2.178417] ACPI: PCI Root Bridge [PCI0] (domain 0000 [bus 00-ff])
[    2.185696] acpi PNP0A03:00: _OSC: OS supports [ASPM ClockPM Segments MSI]
[    2.204228] acpi PNP0A03:00: _OSC: not requesting OS control; OS requires [ExtendedConfig ASPM ClockPM MSI]
[    2.221147] acpi PNP0A03:00: fail to add MMCONFIG information, can't access extended PCI configuration space under this bridge.
[    2.248121] PCI host bridge to bus 0000:00
[    2.255482] pci_bus 0000:00: root bus resource [io  0x0000-0x0cf7 window]
[    2.272941] pci_bus 0000:00: root bus resource [io  0x0d00-0xffff window]
[    2.278956] pci_bus 0000:00: root bus resource [mem 0x000a0000-0x000bffff window]
[    2.297626] pci_bus 0000:00: root bus resource [mem 0x40000000-0xfdffffff window]
[    2.312371] pci_bus 0000:00: root bus resource [bus 00-ff]
[    2.328326] pci 0000:00:01.1: legacy IDE quirk: reg 0x10: [io  0x01f0-0x01f7]
[    2.349854] pci 0000:00:01.1: legacy IDE quirk: reg 0x14: [io  0x03f6]
[    2.360843] pci 0000:00:01.1: legacy IDE quirk: reg 0x18: [io  0x0170-0x0177]
[    2.412037] pci 0000:00:01.1: legacy IDE quirk: reg 0x1c: [io  0x0376]
[    2.471055] pci 0000:00:07.0: quirk: [io  0x4000-0x403f] claimed by PIIX4 ACPI
[    2.478402] pci 0000:00:07.0: quirk: [io  0x4100-0x410f] claimed by PIIX4 SMB
[    2.514438] ACPI: PCI Interrupt Link [LNKA] (IRQs 5 9 10 *11)
[    2.522010] ACPI: PCI Interrupt Link [LNKB] (IRQs 5 9 *10 11)
[    2.529477] ACPI: PCI Interrupt Link [LNKC] (IRQs 5 *9 10 11)
[    2.536481] ACPI: PCI Interrupt Link [LNKD] (IRQs 5 9 10 *11)
[    2.543445] ACPI: Enabled 2 GPEs in block 00 to 07
[    2.549446] vgaarb: setting as boot device: PCI:0000:00:02.0
[    2.554362] vgaarb: device added: PCI:0000:00:02.0,decodes=io+mem,owns=io+mem,locks=none
[    2.562866] vgaarb: loaded
[    2.565715] vgaarb: bridge control possible 0000:00:02.0
[    2.571254] SCSI subsystem initialized
[    2.575528] ACPI: bus type USB registered
[    2.579240] usbcore: registered new interface driver usbfs
[    2.584009] usbcore: registered new interface driver hub
[    2.594143] usbcore: registered new device driver usb
[    2.604516] PCI: Using ACPI for IRQ routing
[    2.612087] NetLabel: Initializing
[    2.618940] NetLabel:  domain hash size = 128
[    2.626996] NetLabel:  protocols = UNLABELED CIPSOv4
[    2.644335] NetLabel:  unlabeled traffic allowed by default
[    2.655592] amd_nb: Cannot enumerate AMD northbridges
[    2.663365] clocksource: Switched to clocksource kvm-clock
[    2.713140] AppArmor: AppArmor Filesystem Enabled
[    2.717433] pnp: PnP ACPI init
[    2.723229] pnp: PnP ACPI: foun 3 devices

[    2.805240] clocksource: acpi_pm: mask: 0xffffff max_cycles: 0xffffff, max_idle_ns: 2085701024 ns
[    2.813693] NET: Registered protocol family 2
[    2.818422] TCP established hash table entries: 8192 (order: 4, 65536 bytes)
[    2.823869] TCP bind hash table entries: 8192 (order: 5, 131072 bytes)
[    2.833186] TCP: Hash tables configured (established 8192 bind 8192)
[    2.838695] UDP hash table entries: 512 (order: 2, 16384 bytes)
[    2.844428] UDP-Lite hash table entries: 512 (order: 2, 16384 bytes)
[    2.850024] NET: Registered protocol family 1
[    2.854233] pci 0000:00:00.0: Limiting direct PCI/PCI transfers
[    2.859503] pci 0000:00:01.0: Activating ISA DMA hang workarounds
[    2.864980] Unpacking initramfs...
[    3.904641] Freeing initrd memory: 14884K
[    3.909200] RAPL PMU detected, API unit is 2^-32 Joules, 4 fixed counters 10737418240 ms ovfl timer
[    3.918969] hw unit of domain pp0-core 2^-0 Joules
[    3.923475] hw unit of domain package 2^-0 Joules
[    3.928183] hw unit of domain dram 2^-0 Joules
[    3.932454] hw unit of domain pp1-gpu 2^-0 Joules
[    3.936962] clocksource: tsc: mask: 0xffffffffffffffff max_cycles: 0x36a5f415104, max_idle_ns: 881590682539 ns
[    3.946075] platform rtc_cmos: registered platform RTC device (no PNP device found)
[    3.953629] Scanning for low memory corruption every 60 seconds
[    3.960573] audit: initializing netlink subsys (disabled)
[    3.965491] audit: type=2000 audit(1593674775.480:1): initialized
[    3.972028] Initialise system trusted keyring
[    3.976677] HugeTLB registered 2 MB page size, pre-allocated 0 pages
[    3.989230] zbud: loaded
[    3.993441] VFS: Disk quotas dquot_6.6.0
[    4.003206] VFS: Dquot-cache hash table entries: 512 (order 0, 4096 bytes)
[    4.010160] squashfs: version 4.0 (2009/01/31) Phillip Lougher
[    4.017102] fuse init (API version 7.23)
[    4.021585] Key type big_key registered
[    4.025335] Allocating IMA MOK and blacklist keyrings.
[    4.034965] Key type asymmetric registered
[    4.040535] Asymmetric key parser 'x509' registered
[    4.045065] Block layer SCSI generic (bsg) driver version 0.4 loaded (major 249)
[    4.051643] io scheduler noop registered
[    4.055200] io scheduler deadline registered (default)
[    4.060251] io scheduler cfq registered
[    4.064352] pci_hotplug: PCI Hot Plug PCI Core version: 0.5
[    4.068787] pciehp: PCI Express Hot Plug Controller Driver version: 0.4
[    4.074652] ACPI: AC Adapter [AC] (off-line)
[    4.079277] input: Power Button as /devices/LNXSYSTM:00/LNXPWRBN:00/input/input0
[    4.086042] ACPI: Power Button [PWRF]
[    4.089663] input: Sleep Button as /devices/LNXSYSTM:00/LNXSLPBN:00/input/input1
[    4.096460] ACPI: Sleep Button [SLPF]
[    4.100470] GHES: HEST is not enabled!
[    4.103371] ACPI: Battery Slot [BAT0] (battery present)
[    4.114367] Serial: 8250/16550 driver, 32 ports, IRQ sharing enabled
[    4.146487] 00:02: ttyS0 at I/O 0x3f8 (irq = 4, base_baud = 115200) is a 16550A
[    4.160619] Linux agpgart interface v0.103
[    4.171325] loop: module loaded
[    4.177018] scsi host0: ata_piix
[    4.180754] scsi host1: ata_piix
[    4.184148] ata1: PATA max UDMA/33 cmd 0x1f0 ctl 0x3f6 bmdma 0xd000 irq 14
[    4.189507] ata2: PATA max UDMA/33 cmd 0x170 ctl 0x376 bmdma 0xd008 irq 15
[    4.195661] libphy: Fixed MDIO Bus: probed
[    4.199180] tun: Universal TUN/TAP device driver, 1.6
[    4.203513] tun: (C) 1999-2004 Max Krasnyansky <maxk@qualcomm.com>
[    4.209176] PPP generic driver version 2.4.2
[    4.213140] ehci_hcd: USB 2.0 'Enhanced' Host Controller (EHCI) Driver
[    4.218577] ehci-pci: EHCI PCI platform driver
[    4.222826] ehci-platform: EHCI generic platform driver
[    4.230452] ohci_hcd: USB 1.1 'Open' Host Controller (OHCI) Driver
[    4.235615] ohci-pci: OHCI PCI platform driver
[    4.239778] ohci-platform: OHCI generic platform driver
[    4.244722] uhci_hcd: USB Universal Host Controller Interface driver
[    4.249777] i8042: PNP: PS/2 Controller [PNP0303:PS2K,PNP0f03:PS2M] at 0x60,0x64 irq 1,12
[    4.258688] serio: i8042 KBD port at 0x60,0x64 irq 1
[    4.263447] serio: i8042 AUX port at 0x60,0x64 irq 12
[    4.268839] mousedev: PS/2 mouse device common for all mice
[    4.276412] input: AT Translated Set 2 keyboard as /devices/platform/i8042/serio0/input/input2
[    4.284366] rtc_cmos rtc_cmos: rtc core: registered rtc_cmos as rtc0
[    4.290126] rtc_cmos rtc_cmos: alarms up to one day, 114 bytes nvram
[    4.296656] i2c /dev entries driver
[    4.300261] device-mapper: uevent: version 1.0.3
[    4.304819] device-mapper: ioctl: 4.34.0-ioctl (2015-10-28) initialised: dm-devel@redhat.com
[    4.315234] ledtrig-cpu: registered to indicate activity on CPUs
[    4.327823] NET: Registered protocol family 10
[    4.331726] NET: Registered protocol family 17
[    4.334696] Key type dns_resolver registered
[    4.339001] registered taskstats version 1
[    4.342057] Loading compiled-in X.509 certificates
[    4.348357] Loaded X.509 cert 'Build time autogenerated kernel key: b6ae09eed57f82583ccd3c65c463e852cdd7a0b5'
[    4.356539] zswap: loaded using pool lzo/zbud
[    4.368893] Key type trusted registered
[    4.384547] Key type encrypted registered
[    4.389785] AppArmor: AppArmor sha1 policy hashing enabled
[    4.394252] ima: No TPM chip found, activating TPM-bypass!
[    4.402399] ima: Allocated hash algorithm: sha1
[    4.406512] evm: HMAC attrs: 0x1
[    4.411534]   Magic number: 12:270:419
[    4.416619] rtc_cmos rtc_cmos: setting system clock to 2020-07-02 07:26:09 UTC (1593674769)
[    4.427824] BIOS EDD facility v0.16 2004-Jun-25, 0 devices found
[    4.435275] EDD information not available.
[    4.449251] Freeing unused kernel memory: 1492K
[    4.453321] Write protecting the kernel read-only data: 14336k
[    4.461519] Freeing unused kernel memory: 1596K
[    4.466502] Freeing unused kernel memory: 60K
Loading, please wait...
starting version 229
[    4.513980] random: systemd-udevd: uninitialized urandom read (16 bytes read, 3 bits of entropy available)
[    4.522864] random: systemd-udevd: uninitialized urandom read (16 bytes read, 3 bits of entropy available)
[    4.524905] random: udevadm: uninitialized urandom read (16 bytes read, 3 bits of entropy available)
[    4.524960] random: udevadm: uninitialized urandom read (16 bytes read, 3 bits of entropy available)
[    4.563749] random: udevadm: uninitialized urandom read (16 bytes read, 3 bits of entropy available)
[    4.563910] random: udevadm: uninitialized urandom read (16 bytes read, 3 bits of entropy available)
[    4.564533] random: udevadm: uninitialized urandom read (16 bytes read, 3 bits of entropy available)
[    4.564743] random: udevadm: uninitialized urandom read (16 bytes read, 3 bits of entropy available)
[    4.564939] random: udevadm: uninitialized urandom read (16 bytes read, 3 bits of entropy available)
[    4.565152] random: udevadm: uninitialized urandom read (16 bytes read, 3 bits of entropy available)
[    4.745403] Fusion MPT base driver 3.04.20
[    4.749043] Copyright (c) 1999-2008 LSI Corporation
[    4.753469] e1000: Intel(R) PRO/1000 Network Driver - version 7.3.21-k8-NAPI
[    4.759115] e1000: Copyright (c) 1999-2006 Intel Corporation.
[    4.802380] Fusion MPT SPI Host driver 3.04.20
[    4.897670] AVX2 version of gcm_enc/dec engaged.
[    4.901889] AES CTR mode by8 optimization enabled
[    5.002899] input: ImExPS/2 Generic Explorer Mouse as /devices/platform/i8042/serio1/input/input4
[    5.436638] e1000 0000:00:03.0 eth0: (PCI:33MHz:32-bit) 02:89:fa:04:16:8f
[    5.447764] e1000 0000:00:03.0 eth0: Intel(R) PRO/1000 Network Connection
[    5.460288] mptbase: ioc0: Initiating bringup
[    5.956940] ioc0: LSI53C1030 A0: Capabilities={Initiator}
[    6.917551] scsi host2: ioc0: LSI53C1030 A0, FwRev=00000000h, Ports=1, MaxQ=256, IRQ=20
[    7.661195] scsi 2:0:0:0: Direct-Access     VBOX     HARDDISK         1.0  PQ: 0 ANSI: 5
[    7.668394] scsi target2:0:0: Beginning Domain Validation
[    7.677318] scsi target2:0:0: Domain Validation skipping write tests
[    7.682590] scsi target2:0:0: Ending Domain Validation
[    7.687253] scsi target2:0:0: asynchronous
[    7.744478] scsi 2:0:1:0: Direct-Access     VBOX     HARDDISK         1.0  PQ: 0 ANSI: 5
[    7.751858] scsi target2:0:1: Beginning Domain Validation
[    7.759269] scsi target2:0:1: Domain Validation skipping write tests
[    7.764491] scsi target2:0:1: Ending Domain Validation
[    7.769022] scsi target2:0:1: asynchronous
[    7.806002] sd 2:0:0:0: Attached scsi generic sg0 type 0
[    7.816628] sd 2:0:0:0: [sda] 20971520 512-byte logical blocks: (10.7 GB/10.0 GiB)
[    7.835789] sd 2:0:1:0: [sdb] 20480 512-byte logical blocks: (10.5 MB/10.0 MiB)
[    7.844272] sd 2:0:1:0: Attached scsi generic sg1 type 0
[    7.855512] sd 2:0:1:0: [sdb] Write Protect is off
[    7.860437] sd 2:0:0:0: [sda] Write Protect is off
[    7.865734] sd 2:0:1:0: [sdb] Incomplete mode parameter data
[    7.872107] sd 2:0:1:0: [sdb] Assuming drive cache: write through
[    7.883015] sd 2:0:0:0: [sda] Incomplete mode parameter data
[    7.888275] sd 2:0:0:0: [sda] Assuming drive cache: write through
[    7.920991]  sda: sda1
[    7.936907] sd 2:0:0:0: [sda] Attached SCSI disk
[    7.948213] sd 2:0:1:0: [sdb] Attached SCSI disk
[    8.299543] e1000 0000:00:08.0 eth1: (PCI:33MHz:32-bit) 08:00:27:11:e1:7d
[    8.317979] e1000 0000:00:08.0 eth1: Intel(R) PRO/1000 Network Connection
[    8.336167] e1000 0000:00:08.0 enp0s8: renamed from eth1
[    8.352645] e1000 0000:00:03.0 enp0s3: renamed from eth0
Begin: Loading essential drivers ... [   10.942465] md: linear personality registered for level -1
[   10.960813] md: multipath personality registered for level -4
[   10.979954] md: raid0 personality registered for level 0
[   10.996360] md: raid1 personality registered for level 1
[   11.079757] raid6: sse2x1   gen()  1477 MB/s
[   11.152047] raid6: sse2x1   xor()   950 MB/s
[   11.223479] raid6: sse2x2   gen()  2521 MB/s
[   11.312142] raid6: sse2x2   xor()  1622 MB/s
[   11.383464] raid6: sse2x4   gen()  3215 MB/s
[   11.451749] raid6: sse2x4   xor()  1930 MB/s
[   11.520104] raid6: avx2x1   gen()  3177 MB/s
[   11.592214] raid6: avx2x2   gen()  5851 MB/s
[   11.664573] raid6: avx2x4   gen()  7423 MB/s
[   11.671771] raid6: using algorithm avx2x4 gen() 7423 MB/s
[   11.680186] raid6: using avx2x2 recovery algorithm
[   11.687071] xor: automatically using best checksumming function:
[   11.727424]    avx       :  9055.000 MB/sec
[   11.734555] async_tx: api initialized (async)
[   11.768789] md: raid6 personality registered for level 6
[   11.781511] md: raid5 personality registered for level 5
[   11.787268] md: raid4 personality registered for level 4
[   11.812018] md: raid10 personality registered for level 10
done.
Begin: Running /scripts/init-premount ... done.
Begin: Mounting root file system ... Begin: Running /scripts/local-top ... done.
Begin: Running /scripts/local-premount ... [   11.926076] Btrfs loaded
Scanning for Btrfs filesystems
done.
Warning: fsck not present, so skipping root file system
[   12.186992] EXT4-fs (sda1): mounted filesystem with ordered data mode. Opts: (null)
done.
Begin: Running /scripts/local-bottom ... done.
Begin: Running /scripts/init-bottom ... done.
[   12.722639] random: nonblocking pool is initialized
[   13.566394] systemd[1]: systemd 229 running in system mode. (+PAM +AUDIT +SELINUX +IMA +APPARMOR +SMACK +SYSVINIT +UTMP +LIBCRYPTSETUP +GCRYPT +GNUTLS +ACL +XZ -LZ4 +SECCOMP +BLKID +ELFUTILS +KMOD -IDN)
[   13.609371] systemd[1]: Detected virtualization oracle.
[   13.623622] systemd[1]: Detected architecture x86-64.

Welcome to [1mUbuntu 16.04.6 LTS[0m!

[   13.713768] systemd[1]: Set hostname to <ubuntu>.
[   13.769017] systemd[1]: Initializing machine ID from random generator.
[   13.783958] systemd[1]: Installed transient /etc/machine-id file.
[   15.551717] systemd[1]: Listening on udev Control Socket.
[[0;32m  OK  [0m] Listening on udev Control Socket.
[   15.562339] systemd[1]: Started Trigger resolvconf update for networkd DNS.
[[0;32m  OK  [0m] Started Trigger resolvconf update for networkd DNS.
[   15.572841] systemd[1]: Reached target Swap.
[[0;32m  OK  [0m] Reached target Swap.
[   15.580892] systemd[1]: Listening on Syslog Socket.
[[0;32m  OK  [0m] Listening on Syslog Socket.
[   15.591880] systemd[1]: Reached target System Time Synchronized.
[[0;32m  OK  [0m] Reached target System Time Synchronized.
[   15.603378] systemd[1]: Listening on LVM2 metadata daemon socket.
[[0;32m  OK  [0m] Listening on LVM2 metadata daemon socket.
[   15.627283] systemd[1]: Listening on Device-mapper event daemon FIFOs.
[[0;32m  OK  [0m] Listening on Device-mapper event daemon FIFOs.
[   15.639768] systemd[1]: Listening on udev Kernel Socket.
[[0;32m  OK  [0m] Listening on udev Kernel Socket.
[   15.650125] systemd[1]: Created slice System Slice.
[[0;32m  OK  [0m] Created slice System Slice.
[   15.658082] systemd[1]: Created slice system-serial\x2dgetty.slice.
[[0;32m  OK  [0m] Created slice system-serial\x2dgetty.slice.
[   15.668634] systemd[1]: Set up automount Arbitrary Executable File Formats File System Automount Point.
[[0;32m  OK  [0m] Set up automount Arbitrary Executab...ats File System Automount Point.
[   15.685259] systemd[1]: Listening on /dev/initctl Compatibility Named Pipe.
[[0;32m  OK  [0m] Listening on /dev/initctl Compatibility Named Pipe.
[   15.697009] systemd[1]: Listening on Journal Audit Socket.
[[0;32m  OK  [0m] Listening on Journal Audit Socket.
[   15.705464] systemd[1]: Reached target Encrypted Volumes.
[[0;32m  OK  [0m] Reached target Encrypted Volumes.
[   15.717082] systemd[1]: Started Forward Password Requests to Wall Directory Watch.
[[0;32m  OK  [0m] Started Forward Password Requests to Wall Directory Watch.
[   15.739802] systemd[1]: Listening on LVM2 poll daemon socket.
[[0;32m  OK  [0m] Listening on LVM2 poll daemon socket.
[   15.777751] systemd[1]: Reached target User and Group Name Lookups.
[[0;32m  OK  [0m] Reached target User and Group Name Lookups.
[   15.794552] systemd[1]: Listening on Journal Socket.
[[0;32m  OK  [0m] Listening on Journal Socket.
[   15.831993] systemd[1]: Starting Set console keymap...
         Starting Set console keymap...
[   15.854516] systemd[1]: Mounting POSIX Message Queue File System...
         Mounting POSIX Message Queue File System...
[   15.887839] systemd[1]: Starting Uncomplicated firewall...
         Starting Uncomplicated firewall...
[   15.917790] systemd[1]: Starting Remount Root and Kernel File Systems...
         Starting Remount Root and Kernel File Systems...
[   16.024221] EXT4-fs (sda1): re-mounted. Opts: (null)
[   16.055135] systemd[1]: Starting Monitoring of LVM2 mirrors, snapshots etc. using dmeventd or progress polling...
         Starting Monitoring of LVM2 mirrors... dmeventd or progress polling...
[   16.098308] systemd[1]: Mounting Huge Pages File System...
         Mounting Huge Pages File System...
[   16.116441] systemd[1]: Starting Nameserver information manager...
         Starting Nameserver information manager...
[   16.163871] systemd[1]: Starting Load Kernel Modules...
         Starting Load Kernel Modules...
[   16.174082] systemd[1]: Created slice User and Session Slice.
[[0;32m  OK  [0m] Created slice User and Session Slice.
[   16.198606] systemd[1]: Reached target Slices.
[[0;32m  OK  [0m] Reached target Slices.
[   16.227940] systemd[1]: Listening on Journal Socket (/dev/log).
[[0;32m  OK  [0m] Listening on Journal Socket (/dev/log).
[   16.268586] systemd[1]: Starting Journal Service...
         Starting Journal Service...
[   16.286147] systemd[1]: Mounting Debug File System...
         Mounting Debug File System...
[   16.300155] systemd[1]: Starting Create list of required static device nodes for the current kernel...
         Starting Create list of required st... nodes for the current kernel...
[   16.397485] Loading iSCSI transport class v2.0-870.
[   16.411872] systemd[1]: Mounted Huge Pages File System.
[[0;32m  OK  [0m] Mounted Huge Pages File System.
[   16.420931] systemd[1]: Mounted POSIX Message Queue File System.
[[0;32m  OK  [0m] Mounted POSIX Message Queue File System.
[   16.431503] systemd[1]: Mounted Debug File System.
[[0;32m  OK  [0m] Mounted Debug File System.
[   16.446558] systemd[1]: Started Set console keymap.
[[0;32m  OK  [0m] Started Set console keymap.
[   16.456422] systemd[1]: Started Uncomplicated firewall.
[[0;32m  OK  [0m] Started Uncomplicated firewall.
[   16.486397] systemd[1]: Started Remount Root and Kernel File Systems.
[[0;32m  OK  [0m] Started Remo[   16.513446] iscsi: registered transport (tcp)
unt Root and Kernel File Systems.
[   16.565577] systemd[1]: Started Create list of required static device nodes for the current kernel.
[[0;32m  OK  [0m] Started Create list of required sta...ce nodes for the current kernel.
[   16.595491] systemd[1]: Started LVM2 metadata daemon.
[[0;32m  OK  [0m] Started LVM2 metadata daemon.
[   16.615502] systemd[1]: Starting Create Static Device Nodes in /dev...
         Starting Create Static Device Nodes in /dev...
[   16.636295] systemd[1]: Starting Load/Save Random Seed...
         Starting Load/Save Random Seed...
[   17.097063] systemd[1]: Starting udev Coldplug all Devices...
         Starting udev Coldplug all Devices...
[   17.148203] systemd[1]: Started Nameserver information manager.
[[0;32m  OK  [0m] Started Nameserver information manager.
[   17.240058] systemd[1]: Started Load/Save Random Seed.
[[0;32m  OK  [0m] Started Load/Save Random Seed.
[   17.370720] iscsi: registered transport (iser)
[   17.375117] systemd[1]: Started Journal Service.
[[0;32m  OK  [0m] Started Journal Service.
[[0;32m  OK  [0m] Started Load Kernel Modules.
         Starting Apply Kernel Variables...
         Mounting FUSE Control File System...
         Starting Flush Journal to Persistent Storage...
[[0;32m  OK  [0m] Mounted FUSE Control File System.
[[0;32m  OK  [0m] Started udev Coldplug all Devices.
[   17.713142] systemd-journald[393]: Received request to flush runtime journal from PID 1
[[0;32m  OK  [0m] Started Flush Journal to Persistent Storage.
[[0;32m  OK  [0m] Started Monitoring of LVM2 mirrors,...ng dmeventd or progress polling.
[[0;32m  OK  [0m] Started Create Static Device Nodes in /dev.
[[0;32m  OK  [0m] Reached target Local File Systems (Pre).
[[0;32m  OK  [0m] Reached target Local File Systems.
         Starting Tell Plymouth To Write Out Runtime Data...
         Starting Commit a transient machine-id on disk...
         Starting LSB: AppArmor initialization...
         Starting Create Volatile Files and Directories...
         Starting Initial cloud-init job (pre-networking)...
         Starting Set console font and keymap...
         Starting udev Kernel Device Manager...
[[0;32m  OK  [0m] Started Apply Kernel Variables.
[[0;32m  OK  [0m] Started Commit a transient machine-id on disk.
[[0;32m  OK  [0m] Started Tell Plymouth To Write Out Runtime Data.
[[0;32m  OK  [0m] Started Create Volatile Files and Directories.
         Starting Update UTMP about System Boot/Shutdown...
[[0;32m  OK  [0m] Started Update UTMP about System Boot/Shutdown.
[[0;32m  OK  [0m] Started udev Kernel Device Manager.
[[0;32m  OK  [0m] Started Dispatch Password Requests to Console Directory Watch.
[[0;32m  OK  [0m] Found device /dev/ttyS0.
[[0;32m  OK  [0m] Listening on Load/Save RF Kill Switch Status /dev/rfkill Watch.
[[0;32m  OK  [0m] Started Set console font and keymap.
[[0;32m  OK  [0m] Created slice system-getty.slice.
[[0;32m  OK  [0m] Started LSB: AppArmor initialization.
[   25.819683] cloud-init[470]: Cloud-init v. 19.4-33-gbb4131a2-0ubuntu1~16.04.1 running 'init-local' at Thu, 02 Jul 2020 07:26:31 +0000. Up 24.37 seconds.
[[0;32m  OK  [0m] Started Initial cloud-init job (pre-networking).
[[0;32m  OK  [0m] Reached target Network (Pre).
         Starting Raise network interfaces...
[[0;32m  OK  [0m] Started Raise network interfaces.
[[0;32m  OK  [0m] Reached target Network.
         Starting Initial cloud-init job (metadata service crawler)...
[   32.208295] cloud-init[961]: Cloud-init v. 19.4-33-gbb4131a2-0ubuntu1~16.04.1 running 'init' at Thu, 02 Jul 2020 07:26:34 +0000. Up 28.12 seconds.
[   32.250251] cloud-init[961]: ci-info: ++++++++++++++++++++++++++++++++++++++Net device info+++++++++++++++++++++++++++++++++++++++
[   32.299960] cloud-init[961]: ci-info: +--------+-------+----------------------------+---------------+--------+-------------------+
[   32.338587] cloud-init[961]: ci-info: | Device |   Up  |          Address           |      Mask     | Scope  |     Hw-Address    |
[   32.377136] cloud-init[961]: ci-info: +--------+-------+----------------------------+---------------+--------+-------------------+
[   32.378138] cloud-init[961]: ci-info: | enp0s3 |  True |         10.0.2.15          | 255.255.255.0 | global | 02:89:fa:04:16:8f |
[   32.378660] cloud-init[961]: ci-info: | enp0s3 |  True | fe80::89:faff:fe04:168f/64 |       .       |  link  | 02:89:fa:04:16:8f |
[   32.379914] cloud-init[961]: ci-info: | enp0s8 | False |             .              |       .       |   .    | 08:00:27:11:e1:7d |
[   32.380480] cloud-init[961]: ci-info: |   lo   |  True |         127.0.0.1          |   255.0.0.0   |  host  |         .         |
[   32.381017] cloud-init[961]: ci-info: |   lo   |  True |          ::1/128           |       .       |  host  |         .         |
[   32.381545] cloud-init[961]: ci-info: +--------+-------+----------------------------+---------------+--------+-------------------+
[   32.382116] cloud-init[961]: ci-info: +++++++++++++++++++++++++++Route IPv4 info++++++++++++++++++++++++++++
[   32.382620] cloud-init[961]: ci-info: +-------+-------------+----------+---------------+-----------+-------+
[   32.383233] cloud-init[961]: ci-info: | Route | Destination | Gateway  |    Genmask    | Interface | Flags |
[   32.383972] cloud-init[961]: ci-info: +-------+-------------+----------+---------------+-----------+-------+
[   32.387946] cloud-init[961]: ci-info: |   0   |   0.0.0.0   | 10.0.2.2 |    0.0.0.0    |   enp0s3  |   UG  |
[[0;32m  OK  [0m] Started Initial cloud-init job (metadata service crawler).
[   32.390907] cloud-init[961]: ci-info: |   1   |   10.0.2.0  | 0.0.0.0  | 255.255.255.0 |   enp0s3  |   U   |
[   32.465348] cloud-init[961]: ci-info: +-------+-------------+----------+---------------+-----------+-------+
[   32.467245] cloud-init[961]: ci-info: +++++++++++++++++++Route IPv6 info+++++++++++++++++++
[   32.469888] cloud-init[961]: ci-info: +-------+-------------+---------+-----------+-------+
[[0;32m  OK  [0m] Reached target Network is Online.
[   32.470239] cloud-init[961]: ci-info: | Route | Destination | Gateway | Interface | Flags |
[   32.522516] cloud-init[961]: ci-info: +-------+-------------+---------+-----------+-------+
[   32.540608] cloud-init[961]: ci-info: |   0   |  fe80::/64  |    ::   |   enp0s3  |   U   |
[   32.542413] cloud-init[961]: ci-info: |   4   |   ff00::/8  |    ::   |   enp0s3  |   U   |
[   32.542662] cloud-init[961]: ci-info: +-------+-------------+---------+-----------+-------+
         Starting iSCSI initiator daemon (iscsid)...
[   32.543214] cloud-init[961]: Generating public/private rsa key pair.
[   32.630438] [[0;32m  OK  [0m] Reached target Cloud-config availability.
[[0;32m  OK  [0m] Reached target System Initialization.
[[0;32m  OK  [0m] Listening on D-Bus System Message Bus Socket.
cloud-init[961]: Your identification has been saved in /etc/ssh/ssh_host_rsa_key.
[   32.700738] cloud-init[961]: Your public key has been saved in /etc/ssh/ssh_host_rsa_key.pub.
[[0;32m  OK  [0m] Listening on ACPID Listen Socket.
[[0;32m  OK  [0m] Started Message of the Day.
[[0;32m  OK  [0m] Started Daily apt download activities.
[   32.701003] cloud-init[961]: The key fingerprint is:
[[0;32m  OK  [0m] Started ACPI Events Check.
[[0;32m  OK  [0m] Reached target Paths.
[[0;32m  OK  [0m] Started Daily Cleanup of Temporary Directories.
[   32.742237] cloud-init[961]: SHA256:yB+T0CrdUOK/IhX6xkyJPVv4kcn3qHjsmwGu7+SyhzU root@ubuntu-xenial
[   32.812454]          Starting LXD - unix socket.
[[0;32m  OK  [0m] Started Daily apt upgrade and clean activities.
[[0;32m  OK  [0m] Reached target Timers.
         Starting Socket activation for snappy daemon.
[[0;32m  OK  [0m] Listening on UUID daemon activation socket.
cloud-init[961]: The key's randomart image is:
[   32.841390] [[0;32m  OK  [0m] Listening on LXD - unix socket.
[[0;32m  OK  [0m] Listening on Socket activation for snappy daemon.cloud-init[961]: +---[RSA 2048]----+

[[0;32m  OK  [0m] Started iSCSI initiator daemon (iscsid).
[   32.845029]          Starting Login to default iSCSI targets...
[[0;32m  OK  [0m] Reached target Sockets.
[[0;32m  OK  [0m] Reached target Basic System.
         Starting System Logging Service...
cloud-init[961]: |      . .        |
[[0;32m  OK  [0m] Started D-Bus System Message Bus.
[   32.876683] cloud-init[961]: |     . +         |
[   32.922730] cloud-init[961]: |      = .        |
[   32.928031] cloud-init[961]: |     * % +       |
[   32.933159] cloud-init[961]: |    + & S .      |
[   32.938580] cloud-init[961]: |     OEB * o     |
[   32.965120] cloud-init[961]: |    .oXo= . .    |
[   32.970617] cloud-init[961]: |    o*.oo+       |
[   32.975790] cloud-init[961]: |    o*=o=.       |
[   32.981777] cloud-init[961]: +----[SHA256]-----+
[   32.986941] cloud-init[961]: Generating public/private dsa key pair.
[   32.993348] cloud-init[961]: Your identification has been saved in /etc/ssh/ssh_host_dsa_key.
[   33.000632] cloud-init[961]: Your public key has been saved in /etc/ssh/ssh_host_dsa_key.pub.
[   33.008019] cloud-init[961]: The key fingerprint is:
[   33.013677] cloud-init[961]: SHA256:8SIztfI+1qVaml3U+VsF7reBdv2eFGLBMYO8dWtb9As root@ubuntu-xenial
[   33.021348] cloud-init[961]: The key's randomart image is:
[   33.028678] cloud-init[961]: +---[DSA 1024]----+
[   33.040902] cloud-init[961]: |          . .+   |
[   33.050954] cloud-init[961]: |           o..+..|
[   33.056646] cloud-init[961]: |        o   ooo.o|
[   33.063027] cloud-init[961]: |       . + . E.=o|
[   33.068695] cloud-init[961]: |      = S . .o*.=|
[   33.073901] cloud-init[961]: |       * . .o.o++|
[   33.079756] cloud-init[961]: |        ...o.o.+=|
[   33.084708] cloud-init[961]: |       .o=o.. o.B|
[   33.089729] cloud-init[961]: |       .=o.    =o|
[   33.095493] cloud-init[961]: +----[SHA256]-----+
[   33.100930] cloud-init[961]: Generating public/private ecdsa key pair.
[   33.106972] cloud-init[961]: Your identification has been saved in /etc/ssh/ssh_host_ecdsa_key.
[   33.114538] cloud-init[961]: Your public key has been saved in /etc/ssh/ssh_host_ecdsa_key.pub.
[   33.121141] cloud-init[961]: The key fingerprint is:
[   33.126969] cloud-init[961]: SHA256:VP/UnD2ZbByE7ySg7DXSh+9d63WDHmP/bHdB1jwYMOA root@ubuntu-xenial
[   33.135068] cloud-init[961]: The key's randomart image is:
[   33.143816] cloud-init[961]: +---[ECDSA 256]---+
[   33.149300] cloud-init[961]: |         .oo. oo |
[   33.155730] cloud-init[961]: |        .. o.ooo*|
[   33.161884] cloud-init[961]: |        oEo + =X=|
[   33.167322] cloud-init[961]: |       . + = *.*+|
[   33.172559] cloud-init[961]: |        S o + B .|
[   33.196335] cloud-init[961]: |         .   ..o.|
[   33.201698] cloud-init[961]: |            .=..*|
[   33.206787] cloud-init[961]: |            o.++B|
[   33.214225] cloud-init[961]: |             ..+*|
[   33.220519] cloud-init[961]: +----[SHA256]-----+
[   33.224572] cloud-init[961]: Generating public/private ed25519 key pair.
[   33.231965] cloud-init[961]: Your identification has been saved in /etc/ssh/ssh_host_ed25519_key.
[   33.239637] cloud-init[961]: Your public key has been saved in /etc/ssh/ssh_host_ed25519_key.pub.
[   33.247071] cloud-init[961]: The key fingerprint is:
[   33.252088] cloud-init[961]: SHA256:6qy5QmXlNR/QiZbkDDyk8IO65ZBBKL3kmb2oErsdRwc root@ubuntu-xenial
[   33.264195] cloud-init[961]: The key's randomart image is:
[   33.269401] cloud-init[961]: +--[ED25519 256]--+
[   33.274262] cloud-init[961]: |.o.  oo.o= .     |
[   33.279636] cloud-init[961]: |+ o+ .++* +      |
[   33.285244] cloud-init[961]: |oo.=Eo +oo .     |
[   33.296465] cloud-init[961]: | += +o.   .      |
[   33.302859] cloud-init[961]: |+ .+... S        |
[   33.308117] cloud-init[961]: |.=o... .         |
[   33.335700] cloud-init[961]: |.=o . .          |
[   33.339699] cloud-init[961]: |+..o +           |
[   33.348554] cloud-init[961]: |o...+oo          |
[   33.352489] cloud-init[961]: +----[SHA256]-----+
         Starting Virtualbox guest utils...
         Starting LSB: Record successful boot for GRUB...
[[0;32m  OK  [0m] Started Deferred execution scheduler.
[[0;32m  OK  [0m] Started Regular background program processing daemon.
         Starting Accounts Service...
[[0;32m  OK  [0m] Started FUSE filesystem for LXC.
         Starting Snappy daemon...
         Starting Pollinate to seed the pseudo random number generator...
[[0;32m  OK  [0m] Started ACPI event daemon.
         Starting Login Service...
         Starting LSB: MD monitoring daemon...
         Starting /etc/rc.local Compatibility...
         Starting LXD - container startup/shutdown...
[[0;32m  OK  [0m] Started System Logging Service.
[[0;32m  OK  [0m] Started /etc/rc.local Compatibility.
[[0;32m  OK  [0m] Started LSB: Record successful boot for GRUB.
[[0;32m  OK  [0m] Started LSB: MD monitoring daemon.
[[0;32m  OK  [0m] Started Login to default iSCSI targets.
[[0;32m  OK  [0m] Reached target Remote File Systems (Pre).
[[0;32m  OK  [0m] Reached target Remote File Systems.
         Starting Permit User Sessions...
         Starting LSB: automatic crash report generation...
         Starting LSB: Set the CPU Frequency Scaling governor to "ondemand"...
         Starting LSB: daemon to balance interrupts for SMP systems...
[[0;32m  OK  [0m] Started LSB: Set the CPU Frequency Scaling governor to "ondemand".
[[0;32m  OK  [0m] Started Login Service.
[[0;32m  OK  [0m] Started Unattended Upgrades Shutdown.
[[0;32m  OK  [0m] Started LSB: daemon to balance interrupts for SMP systems.
[[0;32m  OK  [0m] Started Permit User Sessions.
         Starting Hold until boot process finishes up...
         Starting Terminate Plymouth Boot Screen...
[[0;32m  OK  [0m] Started Hold until boot process finishes up.
[[0;32m  OK  [0m] Started Terminate Plymouth Boot Screen.
[[0;32m  OK  [0m] Started Getty on tty1.
         Starting Set console scheme...
[[0;32m  OK  [0m] Started Serial Getty on ttyS0.
[[0;32m  OK  [0m] Reached target Login Prompts.
[[0;32m  OK  [0m] Started Virtualbox guest utils.
[[0;32m  OK  [0m] Started Set console scheme.
[[0;32m  OK  [0m] Started LSB: automatic crash report generation.
         Starting Authenticate and Authorize Users to Run Privileged Tasks...
[[0;32m  OK  [0m] Started Authenticate and Authorize Users to Run Privileged Tasks.
[[0;32m  OK  [0m] Started Accounts Service.
[[0;32m  OK  [0m] Started Pollinate to seed the pseudo random number generator.
         Starting OpenBSD Secure Shell server...
[[0;32m  OK  [0m] Started LXD - container startup/shutdown.
[[0;32m  OK  [0m] Started Snappy daemon.
         Starting Wait until snapd is fully seeded...
[[0;32m  OK  [0m] Started OpenBSD Secure Shell server.
[[0;32m  OK  [0m] Created slice User Slice of vagrant.
         Starting User Manager for UID 1000...
[[0;32m  OK  [0m] Started Session 1 of user vagrant.
[[0;32m  OK  [0m] Started User Manager for UID 1000.

Ubuntu 16.04.6 LTS ubuntu-xenial ttyS0

ubuntu-xenial login: [   45.103113] cloud-init[1396]: Generating locales (this might take a while)...
[   52.606911] cloud-init[1396]:   en_US.UTF-8... done
[   52.612109] cloud-init[1396]: Generation complete.
[   58.039313] cloud-init[1396]: Cloud-init v. 19.4-33-gbb4131a2-0ubuntu1~16.04.1 running 'modules:config' at Thu, 02 Jul 2020 07:26:51 +0000. Up 44.37 seconds.
ci-info: no authorized SSH keys fingerprints found for user ubuntu.
<14>Jul  2 07:27:07 ec2: 
<14>Jul  2 07:27:07 ec2: #############################################################
<14>Jul  2 07:27:07 ec2: -----BEGIN SSH HOST KEY FINGERPRINTS-----
<14>Jul  2 07:27:07 ec2: 1024 SHA256:8SIztfI+1qVaml3U+VsF7reBdv2eFGLBMYO8dWtb9As root@ubuntu-xenial (DSA)
<14>Jul  2 07:27:07 ec2: 256 SHA256:VP/UnD2ZbByE7ySg7DXSh+9d63WDHmP/bHdB1jwYMOA root@ubuntu-xenial (ECDSA)
<14>Jul  2 07:27:07 ec2: 256 SHA256:6qy5QmXlNR/QiZbkDDyk8IO65ZBBKL3kmb2oErsdRwc root@ubuntu-xenial (ED25519)
<14>Jul  2 07:27:07 ec2: 2048 SHA256:yB+T0CrdUOK/IhX6xkyJPVv4kcn3qHjsmwGu7+SyhzU root@ubuntu-xenial (RSA)
<14>Jul  2 07:27:07 ec2: -----END SSH HOST KEY FINGERPRINTS-----
<14>Jul  2 07:27:07 ec2: #############################################################
-----BEGIN SSH HOST KEY KEYS-----
ecdsa-sha2-nistp256 AAAAE2VjZHNhLXNoYTItbmlzdHAyNTYAAAAIbmlzdHAyNTYAAABBBImJliVs0PRlvOuuEaRDWcwwd0sRUiWZ96Ke0mavtt0nqsxATHoQswaiPlL2uvY8N+Yr0T6z0eftUDJ8TaVYxgI= root@ubuntu-xenial
ssh-ed25519 AAAAC3NzaC1lZDI1NTE5AAAAICpyihhRjtIiEw+uQmzJE87FnGg/5UnBmb+mxGYrRD3f root@ubuntu-xenial
ssh-rsa AAAAB3NzaC1yc2EAAAADAQABAAABAQCm/f4tF4HeVgyI6xlCJG/wkkUF5n4oOIoZthQpWX5UVRv8rsY1A2dEMhwGxreH4C042JprDOzNwf3yvMnULY967/NjWuNyv/GcNsATGuY4pn/dhsTDSQguWMB5TFFsWe2u++P9SPay/QUulmWMLX25V6xHhlY7F02ilrBQsvo0XMIsOIjEboSwdbl6gHLxbQWA3wpMQU8LzvR4+5z0LkweTpKspEQE2hJFrLSm1lEzmeMF4TOOzCqOk4twWIh6tcqVVT3CUAE3iZlHN7rOwh1WoIlUaUpW7WKIsm7If491T3w3judeZdJ+i8qPY9JUjdFJHFQL1Er+x6YU2Jt95RVb root@ubuntu-xenial
-----END SSH HOST KEY KEYS-----
[   60.826177] cloud-init[1804]: Cloud-init v. 19.4-33-gbb4131a2-0ubuntu1~16.04.1 running 'modules:final' at Thu, 02 Jul 2020 07:27:06 +0000. Up 59.89 seconds.
[   60.828959] cloud-init[1804]: ci-info: no authorized SSH keys fingerprints found for user ubuntu.
[   60.831111] cloud-init[1804]: Cloud-init v. 19.4-33-gbb4131a2-0ubuntu1~16.04.1 finished at Thu, 02 Jul 2020 07:27:07 +0000. Datasource DataSourceNoCloud [seed=/dev/sdb][dsmode=net].  Up 60.77 seconds
