[    0.000000] Initializing cgroup subsys cpuset
[    0.000000] Initializing cgroup subsys cpu
[    0.000000] Initializing cgroup subsys cpuacct
[    0.000000] Linux version 4.4.0-184-generic (buildd@lgw01-amd64-060) (gcc version 5.4.0 20160609 (Ubuntu 5.4.0-6ubuntu1~16.04.12) ) #214-Ubuntu SMP Thu Jun 4 10:14:11 UTC 2020 (Ubuntu 4.4.0-184.214-generic 4.4.223)
[    0.000000] Command line: BOOT_IMAGE=/boot/vmlinuz-4.4.0-184-generic root=LABEL=cloudimg-rootfs ro console=tty1 console=ttyS0
[    0.000000] KERNEL supported cpus:
[    0.000000]   Intel GenuineIntel
[    0.000000]   AMD AuthenticAMD
[    0.000000]   Centaur CentaurHauls
[    0.000000] x86/fpu: xstate_offset[2]:  576, xstate_sizes[2]:  256
[    0.000000] x86/fpu: Supporting XSAVE feature 0x01: 'x87 floating point registers'
[    0.000000] x86/fpu: Supporting XSAVE feature 0x02: 'SSE registers'
[    0.000000] x86/fpu: Supporting XSAVE feature 0x04: 'AVX registers'
[    0.000000] x86/fpu: Enabled xstate features 0x7, context size is 832 bytes, using 'standard' format.
[    0.000000] e820: BIOS-provided physical RAM map:
[    0.000000] BIOS-e820: [mem 0x0000000000000000-0x000000000009fbff] usable
[    0.000000] BIOS-e820: [mem 0x000000000009fc00-0x000000000009ffff] reserved
[    0.000000] BIOS-e820: [mem 0x00000000000f0000-0x00000000000fffff] reserved
[    0.000000] BIOS-e820: [mem 0x0000000000100000-0x000000003ffeffff] usable
[    0.000000] BIOS-e820: [mem 0x000000003fff0000-0x000000003fffffff] ACPI data
[    0.000000] BIOS-e820: [mem 0x00000000fec00000-0x00000000fec00fff] reserved
[    0.000000] BIOS-e820: [mem 0x00000000fee00000-0x00000000fee00fff] reserved
[    0.000000] BIOS-e820: [mem 0x00000000fffc0000-0x00000000ffffffff] reserved
[    0.000000] NX (Execute Disable) protection: active
[    0.000000] SMBIOS 2.5 present.
[    0.000000] Hypervisor detected: KVM
[    0.000000] e820: last_pfn = 0x3fff0 max_arch_pfn = 0x400000000
[    0.000000] MTRR: Disabled
[    0.000000] x86/PAT: MTRRs disabled, skipping PAT initialization too.
[    0.000000] CPU MTRRs all blank - virtualized system.
[    0.000000] x86/PAT: Configuration [0-7]: WB  WT  UC- UC  WB  WT  UC- UC  
[    0.000000] found SMP MP-table at [mem 0x0009fff0-0x0009ffff] mapped at [ffff88000009fff0]
[    0.000000] Scanning 1 areas for low memory corruption
[    0.000000] RAMDISK: [mem 0x362de000-0x37166fff]
[    0.000000] ACPI: Early table checksum verification disabled
[    0.000000] ACPI: RSDP 0x00000000000E0000 000024 (v02 VBOX  )
[    0.000000] ACPI: XSDT 0x000000003FFF0030 00003C (v01 VBOX   VBOXXSDT 00000001 ASL  00000061)
[    0.000000] ACPI: FACP 0x000000003FFF00F0 0000F4 (v04 VBOX   VBOXFACP 00000001 ASL  00000061)
[    0.000000] ACPI: DSDT 0x000000003FFF0470 0021FF (v02 VBOX   VBOXBIOS 00000002 INTL 20100528)
[    0.000000] ACPI: FACS 0x000000003FFF0200 000040
[    0.000000] ACPI: FACS 0x000000003FFF0200 000040
[    0.000000] ACPI: APIC 0x000000003FFF0240 00005C (v02 VBOX   VBOXAPIC 00000001 ASL  00000061)
[    0.000000] ACPI: SSDT 0x000000003FFF02A0 0001CC (v01 VBOX   VBOXCPUT 00000002 INTL 20100528)
[    0.000000] No NUMA configuration found
[    0.000000] Faking a node at [mem 0x0000000000000000-0x000000003ffeffff]
[    0.000000] NODE_DATA(0) allocated [mem 0x3ffeb000-0x3ffeffff]
[    0.000000] kvm-clock: Using msrs 4b564d01 and 4b564d00
[    0.000000] kvm-clock: cpu 0, msr 0:3ffe3001, primary cpu clock
[    0.000000] kvm-clock: using sched offset of 10912995218 cycles
[    0.000000] clocksource: kvm-clock: mask: 0xffffffffffffffff max_cycles: 0x1cd42e4dffb, max_idle_ns: 881590591483 ns
[    0.000000] Zone ranges:
[    0.000000]   DMA      [mem 0x0000000000001000-0x0000000000ffffff]
[    0.000000]   DMA32    [mem 0x0000000001000000-0x000000003ffeffff]
[    0.000000]   Normal   empty
[    0.000000]   Device   empty
[    0.000000] Movable zone start for each node
[    0.000000] Early memory node ranges
[    0.000000]   node   0: [mem 0x0000000000001000-0x000000000009efff]
[    0.000000]   node   0: [mem 0x0000000000100000-0x000000003ffeffff]
[    0.000000] Initmem setup node 0 [mem 0x0000000000001000-0x000000003ffeffff]
[    0.000000] ACPI: PM-Timer IO Port: 0x4008
[    0.000000] IOAPIC[0]: apic_id 2, version 32, address 0xfec00000, GSI 0-23
[    0.000000] ACPI: INT_SRC_OVR (bus 0 bus_irq 0 global_irq 2 dfl dfl)
[    0.000000] ACPI: INT_SRC_OVR (bus 0 bus_irq 9 global_irq 9 low level)
[    0.000000] Using ACPI (MADT) for SMP configuration information
[    0.000000] smpboot: Allowing 2 CPUs, 0 hotplug CPUs
[    0.000000] PM: Registered nosave memory: [mem 0x00000000-0x00000fff]
[    0.000000] PM: Registered nosave memory: [mem 0x0009f000-0x0009ffff]
[    0.000000] PM: Registered nosave memory: [mem 0x000a0000-0x000effff]
[    0.000000] PM: Registered nosave memory: [mem 0x000f0000-0x000fffff]
[    0.000000] e820: [mem 0x40000000-0xfebfffff] available for PCI devices
[    0.000000] Booting paravirtualized kernel on KVM
[    0.000000] clocksource: refined-jiffies: mask: 0xffffffff max_cycles: 0xffffffff, max_idle_ns: 7645519600211568 ns
[    0.000000] setup_percpu: NR_CPUS:512 nr_cpumask_bits:512 nr_cpu_ids:2 nr_node_id:1
[    0.0000000] PERCPU: Embedded 33 pages/cpu @ffff88003fc00000 s95448 r8192 d31528 u1048576
[    0.000000] Built 1 zonelists in Node order, mobility grouping on.  Total pages: 257912
[    0.000000] Policy zone: DMA32
[    0.000000] Kernel command line: BOOT_IMAGE=/boot/vmlinuz-4.4.0-184-generic root=LABEL=cloudimg-rootfs ro console=tty1 console=ttyS0
[    0.000000] PID hash table entries: 4096 (order: 3, 32768 bytes)
[    0.000000] Memory: 997664K/1048120K available (8632K kernel code, 1336K rwdata, 4036K rodata, 1492K init, 1292K bss, 50456K reserved, 0K cma-reserved)
[    0.000000] SLUB: HWalign=64, Order=0-3, MinObjects=0, CPUs=2, Nodes=1
[    0.000000] Kernel/User page tables isolation: enabled
[    0.000000] Hierarchical RCU implementation.
[    0.000000] 	Build-time adjustment of leaf fanout to 64.
[    0.000000] 	RCU restricting CPUs from NR_CPUS=512 to nr_cpu_ids=2.
[    0.000000] RCU: Adjusting geometry for rcu_fanout_leaf=64, nr_cpu_ids=2
[    0.000000] NR_IRQS:33024 nr_irqs:440 16
[    0.000000] Console: colour VGA+ 80x25
[    0.000000] console [tty1] enabled
[    0.000000] console [ttyS0] enabled
[    0.000000] tsc: Detected 1895.611 MHz processor
[    1.299411] Calibrating delay loop (skipped) preset value.. 3791.22 BogoMIPS (lpj=7582444)
[    1.306286] pid_max: default: 32768 minimum: 301
[    1.312781] ACPI: Core revision 20150930
[    1.327382] ACPI: 2 ACPI AML tables successfully acquired and loaded
[    1.334777] Security Framework initialized
[    1.338262] Yama: becoming mindful.
[    1.341924] AppArmor: AppArmor initialized
[    1.346594] Dentry cache hash table entries: 131072 (order: 8, 1048576 bytes)
[    1.361727] Inode-cache hash table entries: 65536 (order: 7, 524288 bytes)
[    1.369485] Mount-cache hash table entries: 2048 (order: 2, 16384 bytes)
[    1.381370] Mountpoint-cache hash table entries: 2048 (order: 2, 16384 bytes)
[    1.392135] Initializing cgroup subsys io
[    1.397646] Initializing cgroup subsys memory
[    1.401930] Initializing cgroup subsys devices
[    1.406875] Initializing cgroup subsys freezer
[    1.414202] Initializing cgroup subsys net_cls
[    1.419050] Initializing cgroup subsys perf_event
[    1.422305] Initializing cgroup subsys net_prio
[    1.427073] Initializing cgroup subsys hugetlb
[    1.434700] Initializing cgroup subsys pids
[    1.439319] mce: CPU supports 0 MCE banks
[    1.443650] Last level iTLB entries: 4KB 1024, 2MB 1024, 4MB 1024
[    1.449631] Last level dTLB entries: 4KB 1024, 2MB 1024, 4MB 1024, 1GB 4
[    1.454507] Spectre V1 : Mitigation: usercopy/swapgs barriers and __user pointer sanitization
[    1.462605] Spectre V2 : Mitigation: Full generic retpoline
[    1.468668] Spectre V2 : Spectre v2 / SpectreRSB mitigation: Filling RSB on context switch
[    1.489813] Speculative Store Bypass: Vulnerable
[    1.501209] SRBDS: Unknown: Dependent on hypervisor status
[    1.505322] MDS: Vulnerable: Clear CPU buffers attempted, no microcode
[    1.520501] Freeing SMP alternatives memory: 36K
[    1.550903] ftrace: allocating 32319 entries in 127 pages
[    1.741049] smpboot: APIC(0) Converting physical 0 to logical package 0
[    1.747514] smpboot: Max logical packages: 1
[    1.752439] x2apic enabled
[    1.756328] Switched APIC routing to physical x2apic.
[    1.765274] ..TIMER: vector=0x30 apic1=0 pin1=2 apic2=-1 pin2=-1
[    1.877990] smpboot: CPU0: Intel(R) Core(TM) i3-4030U CPU @ 1.90GHz (family: 0x6, model: 0x45, stepping: 0x1)
[    1.887733] Performance Events: unsupported p6 CPU model 69 no PMU driver, software events only.
[    1.926420] KVM setup paravirtual spinlock
[    1.934074] x86: Booting SMP configuration:
[    1.937889] .... node  #0, CPUs:      #1
[    1.942943] kvm-clock: cpu 1, msr 0:3ffe3041, secondary cpu clock
[    1.948624] mce: CPU supports 0 MCE banks
[    1.972173] x86: Booted up 1 node, 2 CPUs
[    1.977533] smpboot: Total of 2 processors activated (7582.44 BogoMIPS)
[    1.985448] devtmpfs: initialized
[    2.019448] evm: security.selinux
[    2.023458] evm: security.SMACK64
[    2.028994] evm: security.SMACK64EXEC
[    2.035225] evm: security.SMACK64TRANSMUTE
[    2.039000] evm: security.SMACK64MMAP
[    2.044567] evm: security.ima
[    2.048293] evm: security.capability
[    2.054116] clocksource: jiffies: mask: 0xffffffff max_cycles: 0xffffffff, max_idle_ns: 7645041785100000 ns
[    2.065385] futex hash table entries: 512 (order: 3, 32768 bytes)
[    2.070912] pinctrl core: initialized pinctrl subsystem
[    2.077871] RTC time: 10:21:37, date: 07/01/20
[    2.082613] NET: Registered protocol family 16
[    2.097864] cpuidle: using governor ladder
[    2.115748] cpuidle: using governor menu
[    2.120607] PCCT header not found.
[    2.133524] ACPI: bus type PCI registered
[    2.139367] acpiphp: ACPI Hot Plug PCI Controller Driver version: 0.5
[    2.147408] PCI: Using configuration type 1 for base access
[    2.172407] ACPI: Added _OSI(Module Device)
[    2.177235] ACPI: Added _OSI(Processor Device)
[    2.181270] ACPI: Added _OSI(3.0 _SCP Extensions)
[    2.185574] ACPI: Added _OSI(Processor Aggregator Device)
[    2.195186] ACPI: Executed 1 blocks of module-level executable AML code
[    2.221340] ACPI: Interpreter enabled
[    2.224801] ACPI: (supports S0 S5)
[    2.228637] ACPI: Using IOAPIC for interrupt routing
[    2.234376] PCI: Using host bridge windows from ACPI; if necessary, use "pci=nocrs" and report a bug
[    2.271606] ACPI: PCI Root Bridge [PCI0] (domain 0000 [bus 00-ff])
[    2.276773] acpi PNP0A03:00: _OSC: OS supports [ASPM ClockPM Segments MSI]
[    2.289091] acpi PNP0A03:00: _OSC: not requesting OS control; OS requires [ExtendedConfig ASPM ClockPM MSI]
[    2.299554] acpi PNP0A03:00: fail to add MMCONFIG information, can't access extended PCI configuration space under this bridge.
[    2.310153] PCI host bridge to bus 0000:00
[    2.314248] pci_bus 0000:00: root bus resource [io  0x0000-0x0cf7 window]
[    2.319450] pci_bus 0000:00: root bus resource [io  0x0d00-0xffff window]
[    2.323744] pci_bus 0000:00: root bus resource [mem 0x000a0000-0x000bffff window]
[    2.334196] pci_bus 0000:00: root bus resource [mem 0x40000000-0xfdffffff window]
[    2.339842] pci_bus 0000:00: root bus resource [bus 00-ff]
[    2.359123] pci 0000:00:01.1: legacy IDE quirk: reg 0x10: [io  0x01f0-0x01f7]
[    2.366042] pci 0000:00:01.1: legacy IDE quirk: reg 0x14: [io  0x03f6]
[    2.370776] pci 0000:00:01.1: legacy IDE quirk: reg 0x18: [io  0x0170-0x0177]
[    2.435392] pci 0000:00:01.1: legacy IDE quirk: reg 0x1c: [io  0x0376]
[    2.491864] pci 0000:00:07.0: quirk: [io  0x4000-0x403f] claimed by PIIX4 ACPI
[    2.499704] pci 0000:00:07.0: quirk: [io  0x4100-0x410f] claimed by PIIX4 SMB
[    2.553053] ACPI: PCI Interrupt Link [LNKA] (IRQs 5 9 10 *11)
[    2.561851] ACPI: PCI Interrupt Link [LNKB] (IRQs 5 9 *10 11)
[    2.567746] ACPI: PCI Interrupt Link [LNKC] (IRQs 5 *9 10 11)
[    2.575033] ACPI: PCI Interrupt Link [LNKD] (IRQs 5 9 10 *11)
[    2.585164] ACPI: Enabled 2 GPEs in block 00 to 07
[    2.597445] vgaarb: setting as boot device: PCI:0000:00:02.0
[    2.602527] vgaarb: device added: PCI:0000:00:02.0,decodes=io+mem,owns=io+mem,locks=none
[    2.609493] vgaarb: loaded
[    2.612606] vgaarb: bridge control possible 0000:00:02.0
[    2.618156] SCSI subsystem initialized
[    2.624962] ACPI: bus type USB registered
[    2.630413] usbcore: registered new interface driver usbfs
[    2.637049] usbcore: registered new interface driver hub
[    2.647648] usbcore: registered new device driver usb
[    2.663043] PCI: Using ACPI for IRQ routing
[    2.675574] NetLabel: Initializing
[    2.685206] NetLabel:  domain hash size = 128
[    2.688745] NetLabel:  protocols = UNLABELED CIPSOv4
[    2.700211] NetLabel:  unlabeled traffic allowed by default
[    2.704497] amd_nb: Cannot enumerate AMD northbridges
[    2.712459] clocksource: Switched to clocksource kvm-clock
[    2.761643] AppArmor: AppArmor Filesystem Enabled
[    2.767861] pnp: PnP ACPI init
[    2.773937] pnp: PnP ACPI: found 3 devices
[    2.805237] clocksource: acpi_pm: mask: 0xffffff max_cycles: 0xffffff, max_idle_ns: 2085701024 ns
[    2.816892] NET: Registered protocol family 2
[    2.823624] TCP established hash table entries: 8192 (order: 4, 6536 bytes)
[    2.891922] TCP bind hash table entries: 8192 (order: 5, 131072 bytes)
[    2.898180] TCP: Hash tables configured (established 8192 bind 8192)
[    2.903234] UDP hash table entries:12 (order: 2, 16384 bytes)
[    3.030681] UDP-Lite hash table entries: 512 (order: 2, 16384 bytes)
[    3.036515] NET: Registered protocol family 1
[    3.039977] pci 0000:00:00.0: Limiting direct PCI/PCI transfers
[    3.081438] pci 0000:00:01.0: Activating ISA DMA hang workarounds
[    3.086630] Unpacking initramfs...
[    4.234208] Freeing initrd memory: 14884K
[    4.237828] RAPL PMU detected, API unit is 2^-32 Joules, 4 fixed counters 10737418240 ms ovfl timer
[    4.245697] hw unit of domain pp0-core 2^-0 Joules
[    4.250583] hw unit of domain package 2^-0 Joules
[    4.255035] hw unit of domain dram 2^-0 Joules
[    4.266879] hw unit of domain pp1-gpu 2^-0 Joules
[    4.271045] clocksource: tsc: mask: 0xffffffffffffffff max_cycles: 06a5f415104, max_idle_ns: 881590682539 ns
[    4.401173] platform rtc_cmos: registered platform RTC device (no PNP device found)
[    4.411499] Scanning for low memory corruption every 60 seconds

[    4.418727] audit: initializing netlink subsys (disabled)
[    4.423005] audit: type=2000 audit(1593598911.400:1): initialized
[    4.430248] Initialise system trusted keyring
[    4.434820] HugeTLB registered 2 MB page size, pre-allocated 0 pages
[    4.447005] zbud: loaded
[    4.451570] VFS: Disk quotas dquot_6.6.0
[    4.455189] VFS: Dquot-cache hash table entries: 512 (order 0, 4096 bytes)
[    4.461723] squashfs: version 4.0 (2009/01/31) Phillip Lougher
[    4.467006] fuse init (API version 7.23)
[    4.471204] Key type big_key registered
[    4.474225] Allocating IMA MOK and blacklist keyrings.
[    4.481743] Key type asymmetric registered
[    4.485841] Asymmetric key parser 'x509' registered
[    4.490984] Block layer SCSI generic (bsg) driver version 0.4 loaded (major 249)
[    4.506457] io scheduler noop registered
[    4.510554] io scheduler deadline registered (default)
[    4.514637] io scheduler cfq registered
[    4.519143] pci_hotplug: PCI Hot Plug PCI Core version: 0.5
[    4.526598] pciehp: PCI Express Hot Plug Controller Driver version: 0.4
[    4.536713] ACPI: AC Adapter [AC] (on-line)
[    4.541011] input: Power Button as /devices/LNXSYSTM:00/LNXPWRBN:00/input/input0
[    4.555125] ACPI: Power Button [PWRF]
[    4.559381] input: Sleep Button as /devices/LNXSYSTM:00/LNXSLPBN:00/input/input1
[    4.568875] ACPI: Sleep Button [SLPF]
[    4.580123] GHES: HEST is not enabled!
[    4.583671] ACPI: Battery Slot [BAT0] (battery present)
[    4.591718] Serial: 8250/16550 driver, 32 ports, IRQ sharing enabled
[    4.639870] 00:02: ttyS0 at I/O 0x3f8 (irq = 4, base_baud = 115200) is a 16550A
[    4.674742] Linux agpgart interface v0.103
[    4.690054] loop: module loaded
[    4.702936] scsi host0: ata_piix
[    4.707192] scsi host1: ata_piix
[    4.712871] ata1: PATA max UDMA/33 cmd 0x1f0 ctl 0x3f6 bmdma 0xd000 irq 14
[    4.730701] ata2: PATA max UDMA/33 cmd 0x170 ctl 0x376 bmdma 0xd008 irq 15
[    4.737669] libphy: Fixed MDIO Bus: probed
[    4.747934] tun: Universal TUN/TAP device driver, 1.6
[    4.754410] tun: (C) 1999-2004 Max Krasnyansky <maxk@qualcomm.com>
[    4.760685] PPP generic driver version 2.4.2
[    4.766039] ehci_hcd: USB 2.0 'Enhanced' Host Controller (EHCI) Driver
[    4.772396] ehci-pci: EHCI PCI platform driver
[    4.787466] ehci-platform: EHCI generic platform driver
[    4.792767] ohci_hcd: USB 1.1 'Open' Host Controller (OHCI) Driver
[    4.803428] ohci-pci: OHCI PCI platform driver
[    4.807600] ohci-platform: OHCI generic platform driver
[    4.816382] uhci_hcd: USB Universal Host Controller Interface driver
[    4.821898] i8042: PNP: PS/2 Controller [PNP0303:PS2K,PNP0f03:PS2M] at 0x60,0x64 irq 1,12
[    4.832354] serio: i8042 KBD port at 0x60,0x64 irq 1
[    4.836892] serio: i8042 AUX port at 0x60,0x64 irq 12
[    4.842920] mousedev: PS/2 mouse device common for all mice
[    4.852975] input: AT Translated Set 2 keyboard as /devices/platform/i8042/serio0/input/input2
[    4.864072] rtc_cmos rtc_cmos: rtc core: registered rtc_cmos as rtc0
[    4.871277] rtc_cmos rtc_cmos: alarms up to one day, 114 bytes nvram
[    4.877078] i2c /dev entries driver
[    4.880585] device-mapper: uevent: version 1.0.3
[    4.885492] device-mapper: ioctl: 4.34.0-ioctl (2015-10-28) initialised: dm-devel@redhat.com
[    4.898252] ledtrig-cpu: registered to indicate activity on CPUs
[    4.904607] NET: Registered protocol family 10
[    4.913265] NET: Registered protocol family 17
[    4.917375] Key type dns_resolver registered
[    4.923264] registered taskstats version 1
[    4.929970] Loading compiled-in X.509 certificates
[    4.944807] Loaded X.509 cert 'Build time autogenerated kernel key: b6ae09eed57f82583ccd3c65c463e852cdd7a0b5'
[    4.953218] zswap: loaded using pool lzo/zbud
[    4.964276] Key type trusted registered
[    4.979796] Key type encrypted registered
[    4.983329] AppArmor: AppArmor sha1 policy hashing enabled
[    4.991388] ima: No TPM chip found, activating TPM-bypass!
[    5.003247] ima: Allocated hash algorithm: sha1
[    5.007254] evm: HMAC attrs: 0x1
[    5.014241]   Magic number: 12:960:374
[    5.018035] acpi LNXVIDEO:00: hash matches
[    5.022386] rtc_cmos rtc_cmos: setting system clock to 2020-07-01 10:21:40 UTC (1593598900)
[    5.031248] BIOS EDD facility v0.16 2004-Jun-25, 0 devices found
[    5.036354] EDD information not available.
[    5.050626] Freeing unused kernel memory: 1492K
[    5.083714] Write protecting the kernel read-only data: 14336k
[    5.090015] Freeing unused kernel memory: 1596K
[    5.095653] Freeing unused kernel memory: 60K
Loading, please wait...
starting version[    5.147946] random: systemd-udevd: uninitialized urandom read (16 bytes read, 3 bits of entropy available)
 229
[    5.150189] random: udevadm: uninitialized urandom read (16 bytes read, 3 bits of entropy available)
[    5.150250] random: udevadm: uninitialized urandom read (16 bytes read, 3 bits of entropy available)
[    5.202595] random: udevadm: uninitialized urandom read (16 bytes read, 3 bits of entropy available)
[    5.202719] random: udevadm: uninitialized urandom read (16 bytes read, 3 bits of entropy available)
[    5.203286] random: udevadm: uninitialized urandom read (16 bytes read, 3 bits of entropy available)
[    5.203473] random: udevadm: uninitialized urandom read (16 bytes read, 3 bits of entropy available)
[    5.203630] random: udevadm: uninitialized urandom read (16 bytes read, 3 bits of entropy available)
[    5.203789] random: udevadm: uninitialized urandom read (16 bytes read, 3 bits of entropy available)
[    5.203949] random: udevadm: uninitialized urandom read (16 bytes read, 3 bits of entropy available)
[    5.529618] e1000: Intel(R) PRO/1000 Network Driver - version 7.3.21-k8-NAPI
[    5.558070] e1000: Copyright (c) 1999-2006 Intel Corporation.
[    5.581747] Fusion MPT base driver 3.04.20
[    5.587416] Copyright (c) 1999-2008 LSI Corporation
[    5.673016] Fusion MPT SPI Host driver 3.04.20
[    5.843566] AVX2 version of gcm_enc/dec engaged.
[    5.870828] AES CTR mode by8 optimization enabled
[    5.894984] input: ImExPS/2 Generic Explorer Mouse as /devices/platform/i8042/serio1/input/input4
[    6.554968] e1000 0000:00:03.0 eth0: (PCI:33MHz:32-bit) 02:89:fa:04:16:8f
[    6.564317] e1000 0000:00:03.0 eth0: Intel(R) PRO/1000 Network Connection
[    7.427562] e1000 0000:00:08.0 eth1: (PCI:33MHz:32-bit) 08:00:27:6f:f8:c7
[    7.433200] e1000 0000:00:08.0 eth1: Intel(R) PRO/1000 Network Connection
[    7.443927] e1000 0000:00:08.0 enp0s8: renamed from eth1
[    7.458701] mptbase: ioc0: Initiating bringup
[    7.473111] e1000 0000:00:03.0 enp0s3: renamed from eth0
[    7.533691] ioc0: LSI53C1030 A0: Capabilities={Initiator}
[    8.402323] scsi host2: ioc0: LSI53C1030 A0, FwRev=00000000h, Ports=1, MaxQ=256, IRQ=20
[    8.554150] scsi 2:0:0:0: Direct-Access     VBOX     HARDDISK         1.0  PQ: 0 ANSI: 5
[    8.676674] scsi target2:0:0: Beginning Domain Validation
[    8.686678] scsi target2:0:0: Domain Validation skipping write tests
[    8.701335] scsi target2:0:0: Ending Domain Validation
[    8.707382] scsi target2:0:0: asynchronous
[    8.715316] scsi 2:0:1:0: Direct-Access     VBOX     HARDDISK         1.0  PQ: 0 ANSI: 5
[    8.723983] scsi target2:0:1: Beginning Domain Validation
[    8.734149] scsi target2:0:1: Domain Validation skipping write tests
[    8.739703] scsi target2:0:1: Ending Domain Validation
[    8.745458] scsi target2:0:1: asynchronous
[    8.770158] sd 2:0:0:0: Attached scsi generic sg0 type 0
[    8.777829] sd 2:0:0:0: [sda] 20971520 512-byte logical blocks: (10.7 GB/10.0 GiB)
[    8.788466] sd 2:0:0:0: [sda] Write Protect is off
[    8.789943] sd 2:0:1:0: [sdb] 20480 512-byte logical blocks: (10.5 MB/10.0 MiB)
[    8.790370] sd 2:0:1:0: [sdb] Write Protect is off
[    8.790754] sd 2:0:1:0: [sdb] Incomplete mode parameter data
[    8.790759] sd 2:0:1:0: [sdb] Assuming drive cache: write through
[    8.831586] sd 2:0:0:0: [sda] Incomplete mode parameter data
[    8.831897] sd 2:0:1:0: Attached scsi generic sg1 type 0
[    8.840659] sd 2:0:0:0: [sda] Assuming drive cache: write through
[    8.851600] sd 2:0:1:0: [sdb] Attached SCSI disk
[    8.876194]  sda: sda1
[    8.885267] sd 2:0:0:0: [sda] Attached SCSI disk
Begin: Loading essential drivers ... [   12.132640] md: linear personality registered for level -1
[   12.161220] md: multipath personality registered for level -4
[   12.178618] md: raid0 personality registered for level 0
[   12.200348] md: raid1 personality registered for level 1
[   12.305146] raid6: sse2x1   gen()   955 MB/s
[   12.381152] raid6: sse2x1   xor()   646 MB/s
[   12.453383] raid6: sse2x2   gen()  1513 MB/s
[   12.524754] raid6: sse2x2   xor()   910 MB/s
[   12.596507] raid6: sse2x4   gen()  1913 MB/s
[   12.665272] raid6: sse2x4   xor()  1666 MB/s
[   12.742153] raid6: avx2x1   gen()  1588 MB/s
[   12.816535] raid6: avx2x2   gen()  2794 MB/s
[   12.893136] raid6: avx2x4   gen()  4310 MB/s
[   12.897664] raid6: using algorithm avx2x4 gen() 4310 MB/s
[   12.902020] raid6: using avx2x2 recovery algorithm
[   12.913061] xor: automatically using best checksumming function:
[   12.957078]    avx       :  8896.000 MB/sec
[   12.979917] async_tx: api initialized (async)
[   13.023681] md: raid6 personality registered for level 6
[   13.038704] md: raid5 personality registered for level 5
[   13.043741] md: raid4 personality registered for level 4
[   13.073055] md: raid10 personality registered for level 10
done.
Begin: Running /scripts/init-premount ... done.
Begin: Mounting root file system ... Begin: Running /scripts/local-top ... done.
Begin: Running /scripts/local-premount ... [   13.227425] Btrfs loaded
Scanning for Btrfs filesystems
done.
Warning: fsck not present, so skipping root file system
[   13.365027] EXT4-fs (sda1): mounted filesystem with ordered data mode. Opts: (null)
done.
Begin: Running /scripts/local-bottom ... done.
Begin: Running /scripts/init-bottom ... done.
[   14.203659] random: nonblocking pool is initialized
[   14.748750] systemd[1]: systemd 229 running in system mode. (+PAM +AUDIT +SLINUX +IMA +APPARMOR +SMACK +SYSVINIT +UTMP +LIBCRYPTSETUP +GCRYP +GNUTLS +ACL +XZ -LZ4 +SECCOMP +BLKID +ELFUTILS +KMOD -IDN)
[   14.9908219] systemd[1]: Detected virtualization oracle.
[   14.913997] systemd[1]: Detected architecture x86-64.

Welcome to [1mUbuntu 16.04.6 LTS[0m!

[   14.993568] systemd[1]: Set hostname to <ubuntu>.
[   15.047693] systemd[1]: Initializing machine ID from random generator.
[   15.053778] systemd[1]: Installed transient /etc/machine-id file.
[   17.315491] systemd[1]: Listening on Syslog Socket.
[[0;32m  OK  [0m] Listening on Syslog Socket.
[   17.325817] systemd[1]: Listening on udev Kernel Socket.
[[0;32m  OK  [0m] Listening on udev Kernel Socket.
[   17.334809] systemd[1]: Reached target User and Group Name Lookups.
[[0;32m  OK  [0m] Reached target User and Group Name Lookups.
[   17.351906] systemd[1]: Reached target System Time Synchronized.
[[0;32m  OK  [0m] Reached target System Time Synchronized.
[   17.362832] systemd[1]: Listening on Device-mapper event daemon FIFOs.
[[0;32m  OK  [0m] Listening on Device-mapper event daemon FIFOs.
[   17.377703] systemd[1]: Listening on Journal Socket.
[[0;32m  OK  [0m] Listening on Journal Socket.
[   17.389864] systemd[1]: Listening on LVM2 metadata daemon socket.
[[0;32m  OK  [0m] Listening on LVM2 metadata daemon socket.
[   17.408222] systemd[1]: Listening on udev Control Socket.
[[0;32m  OK  [0m] Listening on udev Control Socket.
[   17.422040] systemd[1]: Set up automount Arbitrary Executable File Formats File System Automount Point.
[[0;32m  OK  [0m] Set up automount Arbitrary Executab...ats File System Automount Point.
[   17.440108] systemd[1]: Listening on Journal Audit Socket.
[[0;32m  OK  [0m] Listening on Journal Audit Socket.
[   17.451192] systemd[1]: Started Forward Password Requests to Wall Directory Watch.
[[0;32m  OK  [0m] Started Forward Password Requests to Wall Directory Watch.
[   17.464401] systemd[1]: Listening on LVM2 poll daemon socket.
[[0;32m  OK  [0m] Listening on LVM2 poll daemon socket.
[   17.485615] systemd[1]: Started Trigger resolvconf update for networkd DNS.
[[0;32m  OK  [0m] Started Trigger resolvconf update for networkd DNS.
[   17.519856] systemd[1]: Listening on Journal Socket (/dev/log).
[[0;32m  OK  [0m] Listening on Journal Socket (/dev/log).
[   17.534524] systemd[1]: Created slice User and Session Slice.
[[0;32m  OK  [0m] Created slice User and Session Slice.
[   17.557068] systemd[1]: Listening on /dev/initctl Compatibility Named Pipe.
[[0;32m  OK  [0m] Listening on /dev/initctl Compatibility Named Pipe.
[   17.583710] systemd[1]: Reached target Encrypted Volumes.
[[0;32m  OK  [0m] Reached target Encrypted Volumes.
[   17.600837] systemd[1]: Created slice System Slice.
[[0;32m  OK  [0m] Created slice System Slice.
[   17.628946] systemd[1]: Starting Remount Root and Kernel File Systems...
         Starting Remount Root and Kernel File Systems...
[   17.646326] systemd[1]: Starting Set console keymap...
         Starting Set console keymap...
[   17.660354] systemd[1]: Starting Journal Service...
         Starting Journal Service...
[   17.717637] systemd[1]: Starting Monitoring of LVM2 mirrors, snapshots etc. using dmeventd or progress polling...
         Starting Monitoring of LVM2 mirrors... dmeventd or progress polling...
[   17.777171] systemd[1]: Mounting Huge Pages File System...
         Mounting Huge Pages File System...
[   17.799157] systemd[1]: Starting Create list of required static device nodes for the current kernel...
         Starting Create list of required st... [   17.829084] EXT4-fs (sda1): re-mounted. Opts: (null)
nodes for the current kernel...
[   17.847759] systemd[1]: Created slice system-serial\x2dgetty.slice.
[[0;32m  OK  [0m] Created slice system-serial\x2dgetty.slice.
[   17.866905] systemd[1]: Reached target Slices.
[[0;32m  OK  [0m] Reached target Slices.
[   17.969577] systemd[1]: Starting Load Kernel Modules...
         Starting Load Kernel Modules...
[   17.995740] systemd[1]: Starting Uncomplicated firewall...
         Starting Uncomplicated firewall...
[   18.032974] systemd[1]: Mounting POSIX Message Queue File System...
         Mounting POSIX Message Queue File System...
[   18.109665] systemd[1]: Mounting Debug File System...
         Mounting Debug File System...
[   18.135246] systemd[1]: Starting Nameserver information manager...
         Starting Nameserver information manager...
[   18.181929] systemd[1]: Reached target Swap.
[[0;32m  OK  [0m] Reached target Swap.
[   18.276347] systemd[1]: Mounted Huge Pages File System.
[[0;32m  OK  [0m] Mounted Huge[   18.331097] Loading iSCSI transport class v2.0-870.
 Pages File System.
[   18.363744] systemd[1]: Mounted POSIX Message Queue File System.
[[0;32m  OK  [0m] Mounted POSIX Message Queue File System.
[   18.394645] systemd[1]: Mounted Debug File System.
[[0;32m  OK  [0m] Mounted Debug File System.
[   18.455038] systemd[1]: Started Remount Root and Kernel File Systems.
[[0;32m  OK  [0m] Started Remount Root and Kernel File Systems[   18.490659] iscsi: registered transport (tcp)
.
[   18.535522] systemd[1]: Started Set console keymap.
[[0;32m  OK  [0m] Started Set console keymap.
[   18.556151] systemd[1]: Started Create list of required static device nodes for the current kernel.
[[0;32m  OK  [0m] Started Create list of required sta...ce nodes for the current kernel.
[   18.604655] systemd[1]: Started Uncomplicated firewall.
[[0;32m  OK  [0m] Started Uncomplicated firewall.
[   18.644216] systemd[1]: Started Journal Service.
[[0;32m  OK  [0m] Started Journal Service.
[[0;32m  OK  [0m] Started Nameserver information manager.
[   18.704742] iscsi: registered transport (iser)
[[0;32m  OK  [0m] Started Load Kernel Modules.
[[0;32m  OK  [0m] Started LVM2 metadata daemon.
         Starting Apply Kernel Variables...
         Mounting FUSE Control File System...
         Starting Create Static Device Nodes in /dev...
         Starting Flush Journal to Persistent Storage...
         Starting udev Coldplug all Devices...
         Starting Load/Save Random Seed...
[[0;32m  OK  [0m] Mounted FUSE Control File System.
[   19.255650] systemd-journald[374]: Received request to flush runtime journal from PID 1
[[0;32m  OK  [0m] Started Flush Journal to Persistent Storage.
[[0;32m  OK  [0m] Started Apply Kernel Variables.
[[0;32m  OK  [0m] Started Load/Save Random Seed.
[[0;32m  OK  [0m] Started Monitoring of LVM2 mirrors,...ng dmeventd or progress polling.
[[0;32m  OK  [0m] Started udev Coldplug all Devices.
[[0;32m  OK  [0m] Started Create Static Device Nodes in /dev.
[[0;32m  OK  [0m] Reached target Local File Systems (Pre).
[[0;32m  OK  [0m] Reached target Local File Systems.
         Starting Tell Plymouth To Write Out Runtime Data...
         Starting Set console font and keymap...
         Starting LSB: AppArmor initialization...
         Starting Commit a transient machine-id on disk...
         Starting Initial cloud-init job (pre-networking)...
         Starting Create Volatile Files and Directories...
         Starting udev Kernel Device Manager...
[[0;32m  OK  [0m] Started Tell Plymouth To Write Out Runtime Data.
[[0;32m  OK  [0m] Started Commit a transient machine-id on disk.
[[0;32m  OK  [0m] Started Create Volatile Files and Directories.
         Starting Update UTMP about System Boot/Shutdown...
[[0;32m  OK  [0m] Started Update UTMP about System Boot/Shutdown.
[[0;32m  OK  [0m] Started udev Kernel Device Manager.
[[0;32m  OK  [0m] Started Dispatch Password Requests to Console Directory Watch.
[[0;32m  OK  [0m] Found device /dev/ttyS0.
[[0;32m  OK  [0m] Listening on Load/Save RF Kill Switch Status /dev/rfkill Watch.
[[0;32m  OK  [0m] Started Set console font and keymap.
[[0;32m  OK  [0m] Created slice system-getty.slice.
[[0;32m  OK  [0m] Started LSB: AppArmor initialization.
[   35.085076] cloud-init[476]: Cloud-init v. 19.4-33-gbb4131a2-0ubuntu1~16.04.1 running 'init-local' at Wed, 01 Jul 2020 10:22:10 +0000. Up 33.00 seconds.
[[0;32m  OK  [0m] Started Initial cloud-init job (pre-networking).
[[0;32m  OK  [0m] Reached target Network (Pre).
         Starting Raise network interfaces...
[[0;32m  OK  [0m] Started Raise network interfaces.
[[0;32m  OK  [0m] Reached target Network.
         Starting Initial cloud-init job (metadata service crawler)...
[   43.013321] cloud-init[963]: Cloud-init v. 19.4-33-gbb4131a2-0ubuntu1~16.04.1 running 'init' at Wed, 01 Jul 2020 10:22:15 +0000. Up 38.27 seconds.
[   43.085507] cloud-init[963]: ci-info: ++++++++++++++++++++++++++++++++++++++Net device info+++++++++++++++++++++++++++++++++++++++
[   43.142671] cloud-init[963]: ci-info: +--------+-------+----------------------------+---------------+--------+-------------------+
[   43.190918] cloud-init[963]: ci-info: | Device |   Up  |          Address           |      Mask     | Scope  |     Hw-Address    |
[[0;32m  OK  [0m] Started Initial cloud-init job (metadata service crawler).
[   43.229118] cloud-init[963]: ci-info: +--------+-------+----------------------------+---------------+--------+-------------------+
[   43.281779] cloud-init[963]: ci-info: | enp0s3 |  True |         10.0.2.15          | 255.255.255.0 | global | 02:89:fa:04:16:8f |
[[0;32m  OK  [0m] Reached target Cloud-config availability.
[   43.283169] cloud-init[963]: ci-info: | enp0s3 |  True | fe80::89:faff:fe04:168f/64 |       .       |  link  | 02:89:fa:04:16:8f |
[   43.384839] cloud-init[963]: ci-info: | enp0s8 | False |             .              |       .       |   .    | 08:00:27:6f:f8:c7 |
[   43.387591] cloud-init[963]: ci-info: |   lo   |  True |         127.0.0.1          |   255.0.0.0   |  host  |         .         |
[[0;32m  OK  [0m] Reached target Network is Online.
[   43.389251] cloud-init[963]: ci-info: |   lo   |  True |          ::1/128           |       .       |  host  |         .         |
[   43.427959] cloud-init[963]: ci-info: +--------+-------+----------------------------+---------------+--------+-------------------+
[   43.438153]          Starting iSCSI initiator daemon (iscsid)...
[[0;32m  OK  [0m] Reached target System Initialization.
[[0;32m  OK  [0m] Listening on ACPID Listen Socket.
cloud-init[963]: ci-info: +++++++++++++++++++++++++++Route IPv4 info++++++++++++++++++++++++++++
[   43.461779] cloud-init[963]: ci-info: +-------+-------------+----------+---------------+-----------+-------+
[   43.471515] cloud-init[963]: ci-info: | Route | Destination | Gateway  |    Genmask    | Interface | Flags |
[   43.481591] cloud-init[963]: ci-info: +-------+-------------+----------+---------------+-----------+-------+
[   43.491817] cloud-init[963]:          Starting LXD - unix socket.
ci-info: |   0   |   0.0.0.0   | 10.0.2.2 |    0.0.0.0    |   enp0s3  |   UG  |
[   43.504459] cloud-init[963]: ci-info: |   1   |   10.0.2.0  | 0.0.0.0  | 255.255.255.0 |   enp0s3  |   U   |
[   43.505396] cloud-init[963]: ci-info: +-------+-------------+----------+---------------+-----------+-------+
[[0;32m  OK  [0m] Listening on UUID daemon activation socket.
[   43.507128] cloud-init[963]: ci-info: +++++++++++++++++++Route IPv6 info+++++++++++++++++++
[   43.553049] cloud-init[963]: ci-info: +-------+-------------+---------+-----------+-------+
[[0;32m  OK  [0m] Started Message of the Day.
[   43.553883] cloud-init[963]: ci-info: | Route | Destination | Gateway | Interface | Flags |
         [   43.585789] Starting Socket activation for snappy daemon.cloud-init
[963]: ci-info: +-------+-------------+---------+-----------+-------+
[   43.630650] cloud-init[963]: ci-info: |   0   |  fe80::/64  |    ::   |   enp0s3  |   U   |
[   43.632548] cloud-init[963]: ci-info: |   4   |   ff00::/8  |    ::   |   enp0s3  |   U   |
[   43.632905] cloud-init[963]: ci-info: +-------+-------------+---------+-----------+-------+
[   43.633371] cloud-init[963]: Generating public/private rsa key pair.
[[0;32m  OK  [0m] Started Daily Cleanup of Temporary Directories.
[   43.633996] cloud-init[963]: Your identification has been saved in /etc/ssh/ssh_host_rsa_key.
[   43.685926] cloud-init[963]: Your public key has been saved in /etc/ssh/ssh_host_rsa_key.pub.
[[0;32m  OK  [0m] Listening on D-Bus System Message Bus Socket.
[[   43.686737] cloud-init[963]: The key fingerprint is:
[   43.709732] cloud-init[963]: SHA256:XAm9Mt9FGjIrQDDWPHvvGH2GyV3LHq10JifeKODVwmw root@ubuntu-xenial
[0;32m  OK  [0m] Started Daily apt download activities.
[   43.710252] cloud-init[963]: The key's randomart image is:
[   43.745992] cloud-init[963]: +---[RSA 2048]----+
[[0;32m  OK  [0m] Started Daily apt upgrade and clean activities.
[   43.751535] cloud-init[963]: |    +=. ..       |
[   43.762120] cloud-init[963]: |   . .=  .+.. .  |
[   43.766522] cloud-init[963]: |       +  o= +   |
[   43.767091] cloud-init[963]: |      ..=.o . o  |
[   43.770629] cloud-init[963]: |       .SO B = o |
[[0;32m  OK  [0m] Reached target Timers.
[   43.771784] cloud-init[963]: |        . O E O =|
[   43.821341] [[0;32m  OK  [0m] Started ACPI Events Check.
[[0;32m  OK  [0m] Reached target Paths.
cloud-init[963]: |         = * = @ |
[[0;32m  OK  [0m] Listening on LXD - unix socket.
[   43.856102] cloud-init[963]: |        . o . = .|
[   43.867273] cloud-init[963]: |             .   |
[   43.880864] [[0;32m  OK  [0m] Listening on Socket activation for snappy daemon.
[[0;32m  OK  [0m] Reached target Sockets.
[[0;32m  OK  [0m] Reached target Basic System.
cloud-init[963]: +----[SHA256]-----+         
Starting LSB: Record successful boot for GRUB...
[   43.895760] cloud-init[963]: Generating public/private dsa key pair.
[   43.969579] [cloud-init[0;32m  OK  [0m[963]: ] Your identification has been saved in /etc/ssh/ssh_host_dsa_key.Started D-Bus System Message Bus.

[   43.982657] cloud-init[963]: Your public key has been saved in /etc/ssh/ssh_host_dsa_key.pub.
[   44.025327] cloud-init[963]: The key fingerprint is:
[   44.053082] cloud-init[963]: SHA256:tWkLGg8i/G3cbYI0sOzSRW/lvzug33VPkJH1eXYRpbg root@ubuntu-xenial
[   44.088112] cloud-init[963]: The key's randomart image is:
[   44.096506] cloud-init[963]: +---[DSA 1024]----+
[   44.108990] cloud-init[963]: |               o=|
[   44.118580] cloud-init[963]: |             . ++|
[   44.124017] cloud-init[963]: |    . .   o . +.=|
[   44.188940] cloud-init[963]: | . . + . + o . +o|
[   44.197568] cloud-init[963]: |  o + * S = E o  |
[   44.202975] cloud-init[963]: |   = * X +.o   . |
[   44.211024] cloud-init[963]: |  . + * +.+.. . o|
[   44.224313] cloud-init[963]: |   . .  .o ..o o.|
[   44.243432] cloud-init[963]: |         .. +o  .|
         Starting Login Service...
[   44.269095] cloud-init[963]: +----[SHA256]-----+
[   44.279761] cloud-init[963]: Generating public/private ecdsa key pair.
[   44.288907] cloud-init[963]: Your identification has been saved in /etc/ssh/ssh_host_ecdsa_key.
         Starting Pollinate to seed the pseudo random number generator...
[   44.316286] cloud-init[963]: Your public key has been saved in /etc/ssh/ssh_host_ecdsa_key.pub.
[   44.385650] [[0;32m  OK  [0m] Started FUSE filesystem for LXC.
cloud-init[963]: The key fingerprint is:
[   44.402324]          Starting /etc/rc.local Compatibility...
cloud-init[963]: SHA256:i4ZMIEa2+Af8zaP3gWYDEF0rTO4+mt+jVlHHk1auoR0 root@ubuntu-xenial
[   44.424547] cloud-init[963]: The key's randomart image is:
[   44.437768] cloud-init[[0;32m  OK  [0m] Started Regular background program processing daemon.
[963]: +---[ECDSA 256]---+
[   44.454143] cloud-init[963]: | o.....  . o.    |
[   44.471856] cloud-init[963]: |+..=.  .. *.     |
[   44.496812] cloud-init[963]: |oo= + .. oE..    |
[[0;32m  OK  [0m] Started ACPI event daemon.
[   44.508463] cloud-init[963]: |.o * +.  o +     |
         Starting Virtualbox guest utils...
[   44.576614] cloud-init[963]: |  . * +.S o      |
[   44.602782] cloud-init[963]: |   = +.+ .       |
[   44.609528] cloud-init[963]: |    *.O o        |
[   44.622288] cloud-init[963]: |   o.B.o .       |
[[0;32m  OK  [0m] Started Deferred execution scheduler.
[   44.624331] cloud-init[963]: |  ooo....        |
[   44.672168] cloud-init[963]: +----[SHA256]-----+
[   44.677391] cloud-init[963]: Generating public/private ed25519 key pair.
[   44.686336] cloud-init[963]: Your identification has been saved in /etc/ssh/ssh_host_ed25519_key.
[   44.724162] cloud-init[963]: Your public key has been saved in /etc/ssh/ssh_host_ed25519_key.pub.
         Starting Snappy daemon...
[   44.751983] cloud-init[963]: The key fingerprint is:
         Starting LSB: MD monitoring daemon...
[   44.792369] cloud-init[963]: SHA256:ONH5r8qiaSh1dCvKE49DIqtq6i1EEczME7UeV3QnxGc root@ubuntu-xenial
[   44.861591] cloud-init[963]: The key's randomart image is:
         Starting Accounts Service...
[   44.870489] cloud-init[963]: +--[ED25519 256]--+
[   44.890494]          Starting System Logging Service...
cloud-init[963]: |=o+.  .oo+ .     |
[   44.899405] cloud-init         Starting LXD - container startup/shutdown...
[963]: | B  . ...ooE     |
[[0;32m  OK  [0m] Started iSCSI initiator daemon (iscsid).
[   44.919725] cloud-init[963]: |  oo .. o o      |
[[0;32m  OK  [0m] Started /etc/rc.local Compatibility.
[   44.954564] cloud-init[963]: | .. + .o .       |
[   44.963482] cloud-init[963]: |.  o .o.S .      |
[   45.008172] cloud-init[963]: |o.+ o ..   .     |
[   45.015661] cloud-init[963]: |o* B .      .    |
         Starting Login to default iSCSI targets...
[   45.029044] cloud-init[963]: |ooO o...   .     |
[   45.074996] [cloud-init[0;32m  OK  [0m[963]: ] |Xo.=o. .o..      |Started Login Service.

[[0;32m  OK  [0m] Started Unattended Upgrades Shutdown.
[   45.108428] cloud-init[963]: +----[SHA256]-----+
[[0;32m  OK  [0m] Started LSB: Record successful boot for GRUB.
[[0;32m  OK  [0m] Started LSB: MD monitoring daemon.
[[0;32m  OK  [0m] Started System Logging Service.
[[0;32m  OK  [0m] Started Login to default iSCSI targets.
[[0;32m  OK  [0m] Reached target Remote File Systems (Pre).
[[0;32m  OK  [0m] Reached target Remote File Systems.
         Starting LSB: daemon to balance interrupts for SMP systems...
         Starting LSB: Set the CPU Frequency Scaling governor to "ondemand"...
         Starting LSB: automatic crash report generation...
         Starting Permit User Sessions...
[[0;32m  OK  [0m] Started LSB: Set the CPU Frequency Scaling governor to "ondemand".
[[0;32m  OK  [0m] Started LSB: automatic crash report generation.
[[0;32m  OK  [0m] Started LSB: daemon to balance interrupts for SMP systems.
[[0;32m  OK  [0m] Started Permit User Sessions.
         Starting Authenticate and Authorize Users to Run Privileged Tasks...
         Starting Hold until boot process finishes up...
         Starting Terminate Plymouth Boot Screen...
[[0;32m  OK  [0m] Started Hold until boot process finishes up.
[[0;32m  OK  [0m] Started Virtualbox guest utils.
[[0;32m  OK  [0m] Started Terminate Plymouth Boot Screen.
[[0;32m  OK  [0m] Started Getty on tty1.
[[0;32m  OK  [0m] Started Serial Getty on ttyS0.
[[0;32m  OK  [0m] Reached target Login Prompts.
         Starting Set console scheme...
[[0;32m  OK  [0m] Started Set console scheme.
[[0;32m  OK  [0m] Started Authenticate and Authorize Users to Run Privileged Tasks.
[[0;32m  OK  [0m] Started Accounts Service.
[[0;32m  OK  [0m] Started LXD - container startup/shutdown.
[[0;32m  OK  [0m] Started Snappy daemon.
         Starting Wait until snapd is fully seeded...
[[0;32m  OK  [0m] Started Pollinate to seed the pseudo random number generator.
         Starting OpenBSD Secure Shell server...
[[0;32m  OK  [0m] Started OpenBSD Secure Shell server.

Ubuntu 16.04.6 LTS ubuntu-xenial ttyS0

ubuntu-xenial login: [   58.744924] cloud-init[1354]: Generating locales (this might take a while)...
[   66.288915] cloud-init[1354]:   en_US.UTF-8... done
[   66.293070] cloud-init[1354]: Generation complete.
[   70.134376] cloud-init[1354]: Cloud-init v. 19.4-33-gbb4131a2-0ubuntu1~16.04.1 running 'modules:config' at Wed, 01 Jul 2020 10:22:34 +0000. Up 57.55 seconds.
ci-info: no authorized SSH keys fingerprints found for user ubuntu.
<14>Jul  1 10:22:50 ec2: 
<14>Jul  1 10:22:50 ec2: #############################################################
<14>Jul  1 10:22:50 ec2: -----BEGIN SSH HOST KEY FINGERPRINTS-----
<14>Jul  1 10:22:50 ec2: 1024 SHA256:tWkLGg8i/G3cbYI0sOzSRW/lvzug33VPkJH1eXYRpbg root@ubuntu-xenial (DSA)
<14>Jul  1 10:22:50 ec2: 256 SHA256:i4ZMIEa2+Af8zaP3gWYDEF0rTO4+mt+jVlHHk1auoR0 root@ubuntu-xenial (ECDSA)
<14>Jul  1 10:22:50 ec2: 256 SHA256:ONH5r8qiaSh1dCvKE49DIqtq6i1EEczME7UeV3QnxGc root@ubuntu-xenial (ED25519)
<14>Jul  1 10:22:50 ec2: 2048 SHA256:XAm9Mt9FGjIrQDDWPHvvGH2GyV3LHq10JifeKODVwmw root@ubuntu-xenial (RSA)
<14>Jul  1 10:22:50 ec2: -----END SSH HOST KEY FINGERPRINTS-----
<14>Jul  1 10:22:50 ec2: #############################################################
-----BEGIN SSH HOST KEY KEYS-----
ecdsa-sha2-nistp256 AAAAE2VjZHNhLXNoYTItbmlzdHAyNTYAAAAIbmlzdHAyNTYAAABBBMXRIIBCjuDSir28riylKmrfBr1iMKkMt1TNNriXCbxUcmpk6/2vklKY+/2RYWwTNy48haeQqxo5uwsSwdqJ/GM= root@ubuntu-xenial
ssh-ed25519 AAAAC3NzaC1lZDI1NTE5AAAAIAqJHWXbYUWdJfZ7zLDPI5tQk5oZSL2KwXC6IsZFcRck root@ubuntu-xenial
ssh-rsa AAAAB3NzaC1yc2EAAAADAQABAAABAQCwNg84z0JV3pLn4qS32PgGz98iLEJkgXK8UBBMRmiKKfyOs6rHW904qb/Pg3B/2UnqeC85oq7adTQcfEtyqH8eh6qIMo5yW3XMgosve8Z0uKCjEwIzOyQA4YbGDMuOSBxVp8WLlY8H1d7I6uuo2400wC/20GCnPeVBvnbvkYT+WwNm8jrtPDQdhBdwx+zbMNhL3KT7ELrXum/cdEoLxAlnY1294MzjzdWuHVmp3+NwpJkpdLnhen/olorWFxoBRUu+sR79lMSlD9MOkVF3jB6p9MaK048zXSCbP+//OYGbtfgTuukjvC+FGcmbr6L/pfqOfdZrAvDU7zHqcTVsRA8D root@ubuntu-xenial
-----END SSH HOST KEY KEYS-----
[   73.672740] cloud-init[1595]: Cloud-init v. 19.4-33-gbb4131a2-0ubuntu1~16.04.1 running 'modules:final' at Wed, 01 Jul 2020 10:22:49 +0000. Up 72.71 seconds.
[   73.675244] cloud-init[1595]: ci-info: no authorized SSH keys fingerprints found for user ubuntu.
[   73.675793] cloud-init[1595]: Cloud-init v. 19.4-33-gbb4131a2-0ubuntu1~16.04.1 finished at Wed, 01 Jul 2020 10:22:50 +0000. Datasource DataSourceNoCloud [seed=/dev/sdb][dsmode=net].  Up 73.62 seconds
